
=INFO REPORT==== 12-Aug-2012::09:56:37 ===
Starting Boss in development mode....

=INFO REPORT==== 12-Aug-2012::09:56:37 ===
Starting master services on 'lxw@jason-lxw'

=INFO REPORT==== 12-Aug-2012::09:56:37 ===
SSL:[]

=INFO REPORT==== 12-Aug-2012::09:56:37 ===
Starting cowboy... on 'lxw@jason-lxw'

=INFO REPORT==== 12-Aug-2012::09:56:37 ===
Starting http listener... on 8001 

=INFO REPORT==== 12-Aug-2012::09:56:37 ===
Loading routes from "/home/jason/soft/ChicagoBoss-0.8.0/lxw/priv/lxw.routes" ....

=INFO REPORT==== 12-Aug-2012::09:56:42 ===
Loading routes from "/home/jason/soft/ChicagoBoss-0.8.0/lxw/priv/lxw.routes" ....

=INFO REPORT==== 12-Aug-2012::09:56:42 ===
GET /my/test [lxw] 200 6ms

=INFO REPORT==== 12-Aug-2012::09:57:08 ===
Loading routes from "/home/jason/soft/ChicagoBoss-0.8.0/lxw/priv/lxw.routes" ....

=INFO REPORT==== 12-Aug-2012::09:57:08 ===
GET /my/test [lxw] 200 5ms

=INFO REPORT==== 12-Aug-2012::10:48:45 ===
Loading routes from "/home/jason/soft/ChicagoBoss-0.8.0/lxw/priv/lxw.routes" ....

=INFO REPORT==== 12-Aug-2012::10:48:45 ===
GET /my/test [lxw] 200 7ms

=INFO REPORT==== 12-Aug-2012::10:48:48 ===
Loading routes from "/home/jason/soft/ChicagoBoss-0.8.0/lxw/priv/lxw.routes" ....

=INFO REPORT==== 12-Aug-2012::10:48:48 ===
GET /my/test/sdf [lxw] 200 7ms

=INFO REPORT==== 12-Aug-2012::10:49:01 ===
Loading routes from "/home/jason/soft/ChicagoBoss-0.8.0/lxw/priv/lxw.routes" ....

=ERROR REPORT==== 12-Aug-2012::10:49:01 ===
GET /my/testsdfsf/sdf [lxw] 404 5ms

=INFO REPORT==== 12-Aug-2012::10:49:09 ===
Loading routes from "/home/jason/soft/ChicagoBoss-0.8.0/lxw/priv/lxw.routes" ....

=INFO REPORT==== 12-Aug-2012::10:49:09 ===
GET /my/test/sdf [lxw] 200 7ms

=INFO REPORT==== 12-Aug-2012::10:49:12 ===
Loading routes from "/home/jason/soft/ChicagoBoss-0.8.0/lxw/priv/lxw.routes" ....

=INFO REPORT==== 12-Aug-2012::10:49:12 ===
GET /my/test/sdfsdfsdfsdf [lxw] 200 10ms

=INFO REPORT==== 12-Aug-2012::10:49:26 ===
Loading routes from "/home/jason/soft/ChicagoBoss-0.8.0/lxw/priv/lxw.routes" ....

=INFO REPORT==== 12-Aug-2012::10:49:26 ===
GET /my/test/sdfsdfsdfsdfsdfsdf [lxw] 200 6ms

=INFO REPORT==== 12-Aug-2012::10:50:44 ===
Loading routes from "/home/jason/soft/ChicagoBoss-0.8.0/lxw/priv/lxw.routes" ....

=INFO REPORT==== 12-Aug-2012::10:50:44 ===
GET /my/test/sdfsdfsdfsdfsdfsdf [lxw] 200 5ms

=INFO REPORT==== 12-Aug-2012::10:51:03 ===
Loading routes from "/home/jason/soft/ChicagoBoss-0.8.0/lxw/priv/lxw.routes" ....

=INFO REPORT==== 12-Aug-2012::10:51:03 ===
GET /my/test/sdfsdfsdfsdfsdfsdf [lxw] 200 12ms

=INFO REPORT==== 12-Aug-2012::10:51:45 ===
Loading routes from "/home/jason/soft/ChicagoBoss-0.8.0/lxw/priv/lxw.routes" ....

=INFO REPORT==== 12-Aug-2012::10:51:45 ===
GET /my/test/sdfsdfsdfsdfsdfsdf [lxw] 200 27ms

=ERROR REPORT==== 12-Aug-2012::10:51:45 ===
** Generic server boss_websocket_router terminating 
** Last message in was {'$gen_cast',
                           {join_service,<<"/websocket/test/sdfdf">>,
                               <0.284.0>,
                               <<"e22a1fc7e0aff384815cd2ed05c2eec877ee3d18">>}}
** When Server state == {state,{dict,0,16,16,8,80,48,
                                     {[],[],[],[],[],[],[],[],[],[],[],[],[],
                                      [],[],[]},
                                     {{[],[],[],[],[],[],[],[],[],[],[],[],[],
                                       [],[],[]}}},
                               {dict,2,16,16,8,80,48,
                                     {[],[],[],[],[],[],[],[],[],[],[],[],[],
                                      [],[],[]},
                                     {{[],[],[],[],
                                       [[<<"/websocket/test">>|
                                         lxw_test_websocket]],
                                       [],[],[],[],
                                       [[<<"/websocket/foobar">>|
                                         lxw_foobar_websocket]],
                                       [],[],[],[],[],[]}}},
                               0}
** Reason for termination == 
** {badarg,[{dict,fetch,
                  [<<"/websocket/test/sdfdf">>,
                   {dict,2,16,16,8,80,48,
                         {[],[],[],[],[],[],[],[],[],[],[],[],[],[],[],[]},
                         {{[],[],[],[],
                           [[<<"/websocket/test">>|lxw_test_websocket]],
                           [],[],[],[],
                           [[<<"/websocket/foobar">>|lxw_foobar_websocket]],
                           [],[],[],[],[],[]}}}]},
            {boss_websocket_router,handle_cast,2},
            {gen_server,handle_msg,5},
            {proc_lib,init_p_do_apply,3}]}

=ERROR REPORT==== 12-Aug-2012::10:51:45 ===
** Generic server boss_websocket_router terminating 
** Last message in was {'$gen_cast',
                           {incoming_msg,<<"/websocket/test/sdfdf">>,
                               <0.284.0>,
                               <<"e22a1fc7e0aff384815cd2ed05c2eec877ee3d18">>,
                               <<"accepting....">>}}
** When Server state == {state,{dict,0,16,16,8,80,48,
                                     {[],[],[],[],[],[],[],[],[],[],[],[],[],
                                      [],[],[]},
                                     {{[],[],[],[],[],[],[],[],[],[],[],[],[],
                                       [],[],[]}}},
                               {dict,0,16,16,8,80,48,
                                     {[],[],[],[],[],[],[],[],[],[],[],[],[],
                                      [],[],[]},
                                     {{[],[],[],[],[],[],[],[],[],[],[],[],[],
                                       [],[],[]}}},
                               0}
** Reason for termination == 
** {badarg,[{dict,fetch,
                  [<<"/websocket/test/sdfdf">>,
                   {dict,0,16,16,8,80,48,
                         {[],[],[],[],[],[],[],[],[],[],[],[],[],[],[],[]},
                         {{[],[],[],[],[],[],[],[],[],[],[],[],[],[],[],
                           []}}}]},
            {boss_websocket_router,handle_cast,2},
            {gen_server,handle_msg,5},
            {proc_lib,init_p_do_apply,3}]}

=INFO REPORT==== 12-Aug-2012::10:52:31 ===
Loading routes from "/home/jason/soft/ChicagoBoss-0.8.0/lxw/priv/lxw.routes" ....

=INFO REPORT==== 12-Aug-2012::10:52:31 ===
GET /my/test/sdfsdfsdfsdfsdfsdf [lxw] 200 27ms

=ERROR REPORT==== 12-Aug-2012::10:52:31 ===
** Generic server boss_websocket_router terminating 
** Last message in was {'$gen_cast',
                           {terminate_service,<<"/websocket/test/sdfdf">>,
                               <0.284.0>,
                               <<"e22a1fc7e0aff384815cd2ed05c2eec877ee3d18">>}}
** When Server state == {state,{dict,0,16,16,8,80,48,
                                     {[],[],[],[],[],[],[],[],[],[],[],[],[],
                                      [],[],[]},
                                     {{[],[],[],[],[],[],[],[],[],[],[],[],[],
                                       [],[],[]}}},
                               {dict,0,16,16,8,80,48,
                                     {[],[],[],[],[],[],[],[],[],[],[],[],[],
                                      [],[],[]},
                                     {{[],[],[],[],[],[],[],[],[],[],[],[],[],
                                       [],[],[]}}},
                               0}
** Reason for termination == 
** {badarg,[{dict,fetch,
                  [<<"/websocket/test/sdfdf">>,
                   {dict,0,16,16,8,80,48,
                         {[],[],[],[],[],[],[],[],[],[],[],[],[],[],[],[]},
                         {{[],[],[],[],[],[],[],[],[],[],[],[],[],[],[],
                           []}}}]},
            {boss_websocket_router,handle_cast,2},
            {gen_server,handle_msg,5},
            {proc_lib,init_p_do_apply,3}]}

=ERROR REPORT==== 12-Aug-2012::10:52:31 ===
** Generic server boss_websocket_router terminating 
** Last message in was {'$gen_cast',
                           {join_service,<<"/websocket/test">>,<0.299.0>,
                               <<"e22a1fc7e0aff384815cd2ed05c2eec877ee3d18">>}}
** When Server state == {state,{dict,0,16,16,8,80,48,
                                     {[],[],[],[],[],[],[],[],[],[],[],[],[],
                                      [],[],[]},
                                     {{[],[],[],[],[],[],[],[],[],[],[],[],[],
                                       [],[],[]}}},
                               {dict,0,16,16,8,80,48,
                                     {[],[],[],[],[],[],[],[],[],[],[],[],[],
                                      [],[],[]},
                                     {{[],[],[],[],[],[],[],[],[],[],[],[],[],
                                       [],[],[]}}},
                               0}
** Reason for termination == 
** {badarg,[{dict,fetch,
                  [<<"/websocket/test">>,
                   {dict,0,16,16,8,80,48,
                         {[],[],[],[],[],[],[],[],[],[],[],[],[],[],[],[]},
                         {{[],[],[],[],[],[],[],[],[],[],[],[],[],[],[],
                           []}}}]},
            {boss_websocket_router,handle_cast,2},
            {gen_server,handle_msg,5},
            {proc_lib,init_p_do_apply,3}]}

=ERROR REPORT==== 12-Aug-2012::10:52:31 ===
** Generic server boss_websocket_router terminating 
** Last message in was {'$gen_cast',
                           {incoming_msg,<<"/websocket/test">>,<0.299.0>,
                               <<"e22a1fc7e0aff384815cd2ed05c2eec877ee3d18">>,
                               <<"accepting....">>}}
** When Server state == {state,{dict,0,16,16,8,80,48,
                                     {[],[],[],[],[],[],[],[],[],[],[],[],[],
                                      [],[],[]},
                                     {{[],[],[],[],[],[],[],[],[],[],[],[],[],
                                       [],[],[]}}},
                               {dict,0,16,16,8,80,48,
                                     {[],[],[],[],[],[],[],[],[],[],[],[],[],
                                      [],[],[]},
                                     {{[],[],[],[],[],[],[],[],[],[],[],[],[],
                                       [],[],[]}}},
                               0}
** Reason for termination == 
** {badarg,[{dict,fetch,
                  [<<"/websocket/test">>,
                   {dict,0,16,16,8,80,48,
                         {[],[],[],[],[],[],[],[],[],[],[],[],[],[],[],[]},
                         {{[],[],[],[],[],[],[],[],[],[],[],[],[],[],[],
                           []}}}]},
            {boss_websocket_router,handle_cast,2},
            {gen_server,handle_msg,5},
            {proc_lib,init_p_do_apply,3}]}

=INFO REPORT==== 12-Aug-2012::10:52:43 ===
Loading routes from "/home/jason/soft/ChicagoBoss-0.8.0/lxw/priv/lxw.routes" ....

=INFO REPORT==== 12-Aug-2012::10:52:43 ===
GET /my/test/sdfsdfsdfsdfsdfsdf [lxw] 200 31ms

=ERROR REPORT==== 12-Aug-2012::10:52:43 ===
** Generic server boss_websocket_router terminating 
** Last message in was {'$gen_cast',
                           {terminate_service,<<"/websocket/test">>,
                               <0.299.0>,
                               <<"e22a1fc7e0aff384815cd2ed05c2eec877ee3d18">>}}
** When Server state == {state,{dict,0,16,16,8,80,48,
                                     {[],[],[],[],[],[],[],[],[],[],[],[],[],
                                      [],[],[]},
                                     {{[],[],[],[],[],[],[],[],[],[],[],[],[],
                                       [],[],[]}}},
                               {dict,0,16,16,8,80,48,
                                     {[],[],[],[],[],[],[],[],[],[],[],[],[],
                                      [],[],[]},
                                     {{[],[],[],[],[],[],[],[],[],[],[],[],[],
                                       [],[],[]}}},
                               0}
** Reason for termination == 
** {badarg,[{dict,fetch,
                  [<<"/websocket/test">>,
                   {dict,0,16,16,8,80,48,
                         {[],[],[],[],[],[],[],[],[],[],[],[],[],[],[],[]},
                         {{[],[],[],[],[],[],[],[],[],[],[],[],[],[],[],
                           []}}}]},
            {boss_websocket_router,handle_cast,2},
            {gen_server,handle_msg,5},
            {proc_lib,init_p_do_apply,3}]}

=ERROR REPORT==== 12-Aug-2012::10:52:43 ===
** Generic server boss_websocket_router terminating 
** Last message in was {'$gen_cast',
                           {join_service,<<"/websocket/test">>,<0.311.0>,
                               <<"e22a1fc7e0aff384815cd2ed05c2eec877ee3d18">>}}
** When Server state == {state,{dict,0,16,16,8,80,48,
                                     {[],[],[],[],[],[],[],[],[],[],[],[],[],
                                      [],[],[]},
                                     {{[],[],[],[],[],[],[],[],[],[],[],[],[],
                                       [],[],[]}}},
                               {dict,0,16,16,8,80,48,
                                     {[],[],[],[],[],[],[],[],[],[],[],[],[],
                                      [],[],[]},
                                     {{[],[],[],[],[],[],[],[],[],[],[],[],[],
                                       [],[],[]}}},
                               0}
** Reason for termination == 
** {badarg,[{dict,fetch,
                  [<<"/websocket/test">>,
                   {dict,0,16,16,8,80,48,
                         {[],[],[],[],[],[],[],[],[],[],[],[],[],[],[],[]},
                         {{[],[],[],[],[],[],[],[],[],[],[],[],[],[],[],
                           []}}}]},
            {boss_websocket_router,handle_cast,2},
            {gen_server,handle_msg,5},
            {proc_lib,init_p_do_apply,3}]}

=ERROR REPORT==== 12-Aug-2012::10:52:43 ===
** Generic server boss_websocket_router terminating 
** Last message in was {'$gen_cast',
                           {incoming_msg,<<"/websocket/test">>,<0.311.0>,
                               <<"e22a1fc7e0aff384815cd2ed05c2eec877ee3d18">>,
                               <<"accepting....">>}}
** When Server state == {state,{dict,0,16,16,8,80,48,
                                     {[],[],[],[],[],[],[],[],[],[],[],[],[],
                                      [],[],[]},
                                     {{[],[],[],[],[],[],[],[],[],[],[],[],[],
                                       [],[],[]}}},
                               {dict,0,16,16,8,80,48,
                                     {[],[],[],[],[],[],[],[],[],[],[],[],[],
                                      [],[],[]},
                                     {{[],[],[],[],[],[],[],[],[],[],[],[],[],
                                       [],[],[]}}},
                               0}
** Reason for termination == 
** {badarg,[{dict,fetch,
                  [<<"/websocket/test">>,
                   {dict,0,16,16,8,80,48,
                         {[],[],[],[],[],[],[],[],[],[],[],[],[],[],[],[]},
                         {{[],[],[],[],[],[],[],[],[],[],[],[],[],[],[],
                           []}}}]},
            {boss_websocket_router,handle_cast,2},
            {gen_server,handle_msg,5},
            {proc_lib,init_p_do_apply,3}]}

=INFO REPORT==== 12-Aug-2012::10:52:49 ===
Loading routes from "/home/jason/soft/ChicagoBoss-0.8.0/lxw/priv/lxw.routes" ....

=INFO REPORT==== 12-Aug-2012::10:52:49 ===
GET /my/test/sdfsdfsdfsdfsdfsdf [lxw] 200 10ms

=ERROR REPORT==== 12-Aug-2012::10:52:49 ===
** Generic server boss_websocket_router terminating 
** Last message in was {'$gen_cast',
                           {terminate_service,<<"/websocket/test">>,
                               <0.311.0>,
                               <<"e22a1fc7e0aff384815cd2ed05c2eec877ee3d18">>}}
** When Server state == {state,{dict,0,16,16,8,80,48,
                                     {[],[],[],[],[],[],[],[],[],[],[],[],[],
                                      [],[],[]},
                                     {{[],[],[],[],[],[],[],[],[],[],[],[],[],
                                       [],[],[]}}},
                               {dict,0,16,16,8,80,48,
                                     {[],[],[],[],[],[],[],[],[],[],[],[],[],
                                      [],[],[]},
                                     {{[],[],[],[],[],[],[],[],[],[],[],[],[],
                                       [],[],[]}}},
                               0}
** Reason for termination == 
** {badarg,[{dict,fetch,
                  [<<"/websocket/test">>,
                   {dict,0,16,16,8,80,48,
                         {[],[],[],[],[],[],[],[],[],[],[],[],[],[],[],[]},
                         {{[],[],[],[],[],[],[],[],[],[],[],[],[],[],[],
                           []}}}]},
            {boss_websocket_router,handle_cast,2},
            {gen_server,handle_msg,5},
            {proc_lib,init_p_do_apply,3}]}

=ERROR REPORT==== 12-Aug-2012::10:52:49 ===
** Generic server boss_websocket_router terminating 
** Last message in was {'$gen_cast',
                           {join_service,<<"/websocket/test">>,<0.327.0>,
                               <<"e22a1fc7e0aff384815cd2ed05c2eec877ee3d18">>}}
** When Server state == {state,{dict,0,16,16,8,80,48,
                                     {[],[],[],[],[],[],[],[],[],[],[],[],[],
                                      [],[],[]},
                                     {{[],[],[],[],[],[],[],[],[],[],[],[],[],
                                       [],[],[]}}},
                               {dict,0,16,16,8,80,48,
                                     {[],[],[],[],[],[],[],[],[],[],[],[],[],
                                      [],[],[]},
                                     {{[],[],[],[],[],[],[],[],[],[],[],[],[],
                                       [],[],[]}}},
                               0}
** Reason for termination == 
** {badarg,[{dict,fetch,
                  [<<"/websocket/test">>,
                   {dict,0,16,16,8,80,48,
                         {[],[],[],[],[],[],[],[],[],[],[],[],[],[],[],[]},
                         {{[],[],[],[],[],[],[],[],[],[],[],[],[],[],[],
                           []}}}]},
            {boss_websocket_router,handle_cast,2},
            {gen_server,handle_msg,5},
            {proc_lib,init_p_do_apply,3}]}

=ERROR REPORT==== 12-Aug-2012::10:52:49 ===
** Generic server boss_websocket_router terminating 
** Last message in was {'$gen_cast',
                           {incoming_msg,<<"/websocket/test">>,<0.327.0>,
                               <<"e22a1fc7e0aff384815cd2ed05c2eec877ee3d18">>,
                               <<"accepting....">>}}
** When Server state == {state,{dict,0,16,16,8,80,48,
                                     {[],[],[],[],[],[],[],[],[],[],[],[],[],
                                      [],[],[]},
                                     {{[],[],[],[],[],[],[],[],[],[],[],[],[],
                                       [],[],[]}}},
                               {dict,0,16,16,8,80,48,
                                     {[],[],[],[],[],[],[],[],[],[],[],[],[],
                                      [],[],[]},
                                     {{[],[],[],[],[],[],[],[],[],[],[],[],[],
                                       [],[],[]}}},
                               0}
** Reason for termination == 
** {badarg,[{dict,fetch,
                  [<<"/websocket/test">>,
                   {dict,0,16,16,8,80,48,
                         {[],[],[],[],[],[],[],[],[],[],[],[],[],[],[],[]},
                         {{[],[],[],[],[],[],[],[],[],[],[],[],[],[],[],
                           []}}}]},
            {boss_websocket_router,handle_cast,2},
            {gen_server,handle_msg,5},
            {proc_lib,init_p_do_apply,3}]}

=INFO REPORT==== 12-Aug-2012::10:53:04 ===
Loading routes from "/home/jason/soft/ChicagoBoss-0.8.0/lxw/priv/lxw.routes" ....

=INFO REPORT==== 12-Aug-2012::10:53:04 ===
GET /my/test/sdfsdfsdfsdfsdfsdf [lxw] 200 7ms

=ERROR REPORT==== 12-Aug-2012::10:53:04 ===
** Generic server boss_websocket_router terminating 
** Last message in was {'$gen_cast',
                           {terminate_service,<<"/websocket/test">>,
                               <0.327.0>,
                               <<"e22a1fc7e0aff384815cd2ed05c2eec877ee3d18">>}}
** When Server state == {state,{dict,0,16,16,8,80,48,
                                     {[],[],[],[],[],[],[],[],[],[],[],[],[],
                                      [],[],[]},
                                     {{[],[],[],[],[],[],[],[],[],[],[],[],[],
                                       [],[],[]}}},
                               {dict,0,16,16,8,80,48,
                                     {[],[],[],[],[],[],[],[],[],[],[],[],[],
                                      [],[],[]},
                                     {{[],[],[],[],[],[],[],[],[],[],[],[],[],
                                       [],[],[]}}},
                               0}
** Reason for termination == 
** {badarg,[{dict,fetch,
                  [<<"/websocket/test">>,
                   {dict,0,16,16,8,80,48,
                         {[],[],[],[],[],[],[],[],[],[],[],[],[],[],[],[]},
                         {{[],[],[],[],[],[],[],[],[],[],[],[],[],[],[],
                           []}}}]},
            {boss_websocket_router,handle_cast,2},
            {gen_server,handle_msg,5},
            {proc_lib,init_p_do_apply,3}]}

=ERROR REPORT==== 12-Aug-2012::10:53:04 ===
** Generic server boss_websocket_router terminating 
** Last message in was {'$gen_cast',
                           {join_service,<<"/websocket/test">>,<0.339.0>,
                               <<"e22a1fc7e0aff384815cd2ed05c2eec877ee3d18">>}}
** When Server state == {state,{dict,0,16,16,8,80,48,
                                     {[],[],[],[],[],[],[],[],[],[],[],[],[],
                                      [],[],[]},
                                     {{[],[],[],[],[],[],[],[],[],[],[],[],[],
                                       [],[],[]}}},
                               {dict,0,16,16,8,80,48,
                                     {[],[],[],[],[],[],[],[],[],[],[],[],[],
                                      [],[],[]},
                                     {{[],[],[],[],[],[],[],[],[],[],[],[],[],
                                       [],[],[]}}},
                               0}
** Reason for termination == 
** {badarg,[{dict,fetch,
                  [<<"/websocket/test">>,
                   {dict,0,16,16,8,80,48,
                         {[],[],[],[],[],[],[],[],[],[],[],[],[],[],[],[]},
                         {{[],[],[],[],[],[],[],[],[],[],[],[],[],[],[],
                           []}}}]},
            {boss_websocket_router,handle_cast,2},
            {gen_server,handle_msg,5},
            {proc_lib,init_p_do_apply,3}]}

=ERROR REPORT==== 12-Aug-2012::10:53:04 ===
** Generic server boss_websocket_router terminating 
** Last message in was {'$gen_cast',
                           {incoming_msg,<<"/websocket/test">>,<0.339.0>,
                               <<"e22a1fc7e0aff384815cd2ed05c2eec877ee3d18">>,
                               <<"accepting....">>}}
** When Server state == {state,{dict,0,16,16,8,80,48,
                                     {[],[],[],[],[],[],[],[],[],[],[],[],[],
                                      [],[],[]},
                                     {{[],[],[],[],[],[],[],[],[],[],[],[],[],
                                       [],[],[]}}},
                               {dict,0,16,16,8,80,48,
                                     {[],[],[],[],[],[],[],[],[],[],[],[],[],
                                      [],[],[]},
                                     {{[],[],[],[],[],[],[],[],[],[],[],[],[],
                                       [],[],[]}}},
                               0}
** Reason for termination == 
** {badarg,[{dict,fetch,
                  [<<"/websocket/test">>,
                   {dict,0,16,16,8,80,48,
                         {[],[],[],[],[],[],[],[],[],[],[],[],[],[],[],[]},
                         {{[],[],[],[],[],[],[],[],[],[],[],[],[],[],[],
                           []}}}]},
            {boss_websocket_router,handle_cast,2},
            {gen_server,handle_msg,5},
            {proc_lib,init_p_do_apply,3}]}

=INFO REPORT==== 12-Aug-2012::10:53:05 ===
Loading routes from "/home/jason/soft/ChicagoBoss-0.8.0/lxw/priv/lxw.routes" ....

=INFO REPORT==== 12-Aug-2012::10:53:05 ===
GET /my/test/sdfsdfsdfsdfsdfsdf [lxw] 200 8ms

=ERROR REPORT==== 12-Aug-2012::10:53:05 ===
** Generic server boss_websocket_router terminating 
** Last message in was {'$gen_cast',
                           {terminate_service,<<"/websocket/test">>,
                               <0.339.0>,
                               <<"e22a1fc7e0aff384815cd2ed05c2eec877ee3d18">>}}
** When Server state == {state,{dict,0,16,16,8,80,48,
                                     {[],[],[],[],[],[],[],[],[],[],[],[],[],
                                      [],[],[]},
                                     {{[],[],[],[],[],[],[],[],[],[],[],[],[],
                                       [],[],[]}}},
                               {dict,0,16,16,8,80,48,
                                     {[],[],[],[],[],[],[],[],[],[],[],[],[],
                                      [],[],[]},
                                     {{[],[],[],[],[],[],[],[],[],[],[],[],[],
                                       [],[],[]}}},
                               0}
** Reason for termination == 
** {badarg,[{dict,fetch,
                  [<<"/websocket/test">>,
                   {dict,0,16,16,8,80,48,
                         {[],[],[],[],[],[],[],[],[],[],[],[],[],[],[],[]},
                         {{[],[],[],[],[],[],[],[],[],[],[],[],[],[],[],
                           []}}}]},
            {boss_websocket_router,handle_cast,2},
            {gen_server,handle_msg,5},
            {proc_lib,init_p_do_apply,3}]}

=ERROR REPORT==== 12-Aug-2012::10:53:05 ===
** Generic server boss_websocket_router terminating 
** Last message in was {'$gen_cast',
                           {join_service,<<"/websocket/test">>,<0.353.0>,
                               <<"e22a1fc7e0aff384815cd2ed05c2eec877ee3d18">>}}
** When Server state == {state,{dict,0,16,16,8,80,48,
                                     {[],[],[],[],[],[],[],[],[],[],[],[],[],
                                      [],[],[]},
                                     {{[],[],[],[],[],[],[],[],[],[],[],[],[],
                                       [],[],[]}}},
                               {dict,0,16,16,8,80,48,
                                     {[],[],[],[],[],[],[],[],[],[],[],[],[],
                                      [],[],[]},
                                     {{[],[],[],[],[],[],[],[],[],[],[],[],[],
                                       [],[],[]}}},
                               0}
** Reason for termination == 
** {badarg,[{dict,fetch,
                  [<<"/websocket/test">>,
                   {dict,0,16,16,8,80,48,
                         {[],[],[],[],[],[],[],[],[],[],[],[],[],[],[],[]},
                         {{[],[],[],[],[],[],[],[],[],[],[],[],[],[],[],
                           []}}}]},
            {boss_websocket_router,handle_cast,2},
            {gen_server,handle_msg,5},
            {proc_lib,init_p_do_apply,3}]}

=ERROR REPORT==== 12-Aug-2012::10:53:05 ===
** Generic server boss_websocket_router terminating 
** Last message in was {'$gen_cast',
                           {incoming_msg,<<"/websocket/test">>,<0.353.0>,
                               <<"e22a1fc7e0aff384815cd2ed05c2eec877ee3d18">>,
                               <<"accepting....">>}}
** When Server state == {state,{dict,0,16,16,8,80,48,
                                     {[],[],[],[],[],[],[],[],[],[],[],[],[],
                                      [],[],[]},
                                     {{[],[],[],[],[],[],[],[],[],[],[],[],[],
                                       [],[],[]}}},
                               {dict,0,16,16,8,80,48,
                                     {[],[],[],[],[],[],[],[],[],[],[],[],[],
                                      [],[],[]},
                                     {{[],[],[],[],[],[],[],[],[],[],[],[],[],
                                       [],[],[]}}},
                               0}
** Reason for termination == 
** {badarg,[{dict,fetch,
                  [<<"/websocket/test">>,
                   {dict,0,16,16,8,80,48,
                         {[],[],[],[],[],[],[],[],[],[],[],[],[],[],[],[]},
                         {{[],[],[],[],[],[],[],[],[],[],[],[],[],[],[],
                           []}}}]},
            {boss_websocket_router,handle_cast,2},
            {gen_server,handle_msg,5},
            {proc_lib,init_p_do_apply,3}]}
