
=INFO REPORT==== 11-Aug-2012::12:29:21 ===
Starting Boss in development mode....

=INFO REPORT==== 11-Aug-2012::12:29:21 ===
Starting master services on 'lxw@jason-lxw'

=INFO REPORT==== 11-Aug-2012::12:29:21 ===
SSL:[]

=INFO REPORT==== 11-Aug-2012::12:29:21 ===
Starting cowboy... on 'lxw@jason-lxw'

=INFO REPORT==== 11-Aug-2012::12:29:21 ===
Starting http listener... on 8001 

=INFO REPORT==== 11-Aug-2012::12:29:21 ===
Loading routes from "/home/jason/soft/ChicagoBoss-0.8.0/lxw/priv/lxw.routes" ....

=ERROR REPORT==== 11-Aug-2012::12:29:45 ===
** Generic server boss_websocket_router terminating 
** Last message in was {'$gen_cast',
                           {join_service,<<"/websocket/test">>,<0.232.0>,
                               <<"e22a1fc7e0aff384815cd2ed05c2eec877ee3d18">>}}
** When Server state == {state,{dict,0,16,16,8,80,48,
                                     {[],[],[],[],[],[],[],[],[],[],[],[],[],
                                      [],[],[]},
                                     {{[],[],[],[],[],[],[],[],[],[],[],[],[],
                                       [],[],[]}}},
                               {dict,2,16,16,8,80,48,
                                     {[],[],[],[],[],[],[],[],[],[],[],[],[],
                                      [],[],[]},
                                     {{[],[],[],[],
                                       [[<<"/websocket/test">>|
                                         lxw_test_websocket]],
                                       [],[],[],[],
                                       [[<<"/websocket/foobar">>|
                                         lxw_foobar_websocket]],
                                       [],[],[],[],[],[]}}},
                               0}
** Reason for termination == 
** {timeout,
       {gen_server,call,
           [{global,lxw_test_websocket},
            {join_service,"/websocket/test",<0.232.0>,
                <<"e22a1fc7e0aff384815cd2ed05c2eec877ee3d18">>}]}}
