
=INFO REPORT==== 11-Aug-2012::23:11:47 ===
Starting Boss in development mode....

=INFO REPORT==== 11-Aug-2012::23:11:47 ===
Starting master services on 'lxw@jason-lxw'

=INFO REPORT==== 11-Aug-2012::23:11:47 ===
SSL:[]

=INFO REPORT==== 11-Aug-2012::23:11:47 ===
Starting cowboy... on 'lxw@jason-lxw'

=INFO REPORT==== 11-Aug-2012::23:11:47 ===
Starting http listener... on 8001 

=INFO REPORT==== 11-Aug-2012::23:11:47 ===
Loading routes from "/home/jason/soft/ChicagoBoss-0.8.0/lxw/priv/lxw.routes" ....

=INFO REPORT==== 11-Aug-2012::23:11:49 ===
Loading routes from "/home/jason/soft/ChicagoBoss-0.8.0/lxw/priv/lxw.routes" ....

=INFO REPORT==== 11-Aug-2012::23:11:49 ===
GET /my/test [lxw] 200 5ms

=INFO REPORT==== 11-Aug-2012::23:11:50 ===
Loading routes from "/home/jason/soft/ChicagoBoss-0.8.0/lxw/priv/lxw.routes" ....

=INFO REPORT==== 11-Aug-2012::23:11:50 ===
GET /my/test [lxw] 200 8ms
