
=INFO REPORT==== 11-Aug-2012::12:26:28 ===
Starting Boss in development mode....

=INFO REPORT==== 11-Aug-2012::12:26:28 ===
Starting master services on 'lxw@jason-lxw'

=INFO REPORT==== 11-Aug-2012::12:26:28 ===
SSL:[]

=INFO REPORT==== 11-Aug-2012::12:26:28 ===
Starting cowboy... on 'lxw@jason-lxw'

=INFO REPORT==== 11-Aug-2012::12:26:28 ===
Starting http listener... on 8001 

=INFO REPORT==== 11-Aug-2012::12:26:28 ===
Loading routes from "/home/jason/soft/ChicagoBoss-0.8.0/lxw/priv/lxw.routes" ....

=ERROR REPORT==== 11-Aug-2012::12:26:37 ===
** Generic server boss_websocket_router terminating 
** Last message in was {'$gen_cast',
                           {join_service,<<"/websocket/test">>,<0.232.0>,
                               <<"e22a1fc7e0aff384815cd2ed05c2eec877ee3d18">>}}
** When Server state == {state,{dict,0,16,16,8,80,48,
                                     {[],[],[],[],[],[],[],[],[],[],[],[],[],
                                      [],[],[]},
                                     {{[],[],[],[],[],[],[],[],[],[],[],[],[],
                                       [],[],[]}}},
                               {dict,2,16,16,8,80,48,
                                     {[],[],[],[],[],[],[],[],[],[],[],[],[],
                                      [],[],[]},
                                     {{[],[],[],[],
                                       [[<<"/websocket/test">>|
                                         lxw_test_websocket]],
                                       [],[],[],[],
                                       [[<<"/websocket/foobar">>|
                                         lxw_foobar_websocket]],
                                       [],[],[],[],[],[]}}},
                               0}
** Reason for termination == 
** {timeout,
       {gen_server,call,
           [{global,lxw_test_websocket},
            {join_service,"/websocket/test",<0.232.0>,
                <<"e22a1fc7e0aff384815cd2ed05c2eec877ee3d18">>}]}}

=ERROR REPORT==== 11-Aug-2012::12:27:54 ===
** Generic server boss_websocket_router terminating 
** Last message in was {'$gen_cast',
                           {terminate_service,<<"/websocket/test">>,
                               <0.232.0>,
                               <<"e22a1fc7e0aff384815cd2ed05c2eec877ee3d18">>}}
** When Server state == {state,{dict,0,16,16,8,80,48,
                                     {[],[],[],[],[],[],[],[],[],[],[],[],[],
                                      [],[],[]},
                                     {{[],[],[],[],[],[],[],[],[],[],[],[],[],
                                       [],[],[]}}},
                               {dict,0,16,16,8,80,48,
                                     {[],[],[],[],[],[],[],[],[],[],[],[],[],
                                      [],[],[]},
                                     {{[],[],[],[],[],[],[],[],[],[],[],[],[],
                                       [],[],[]}}},
                               0}
** Reason for termination == 
** {badarg,[{dict,fetch,
                  [<<"/websocket/test">>,
                   {dict,0,16,16,8,80,48,
                         {[],[],[],[],[],[],[],[],[],[],[],[],[],[],[],[]},
                         {{[],[],[],[],[],[],[],[],[],[],[],[],[],[],[],
                           []}}}]},
            {boss_websocket_router,handle_cast,2},
            {gen_server,handle_msg,5},
            {proc_lib,init_p_do_apply,3}]}

=ERROR REPORT==== 11-Aug-2012::12:27:54 ===
** Generic server boss_websocket_router terminating 
** Last message in was {'$gen_cast',
                           {join_service,<<"/websocket/test">>,<0.240.0>,
                               <<"e22a1fc7e0aff384815cd2ed05c2eec877ee3d18">>}}
** When Server state == {state,{dict,0,16,16,8,80,48,
                                     {[],[],[],[],[],[],[],[],[],[],[],[],[],
                                      [],[],[]},
                                     {{[],[],[],[],[],[],[],[],[],[],[],[],[],
                                       [],[],[]}}},
                               {dict,0,16,16,8,80,48,
                                     {[],[],[],[],[],[],[],[],[],[],[],[],[],
                                      [],[],[]},
                                     {{[],[],[],[],[],[],[],[],[],[],[],[],[],
                                       [],[],[]}}},
                               0}
** Reason for termination == 
** {badarg,[{dict,fetch,
                  [<<"/websocket/test">>,
                   {dict,0,16,16,8,80,48,
                         {[],[],[],[],[],[],[],[],[],[],[],[],[],[],[],[]},
                         {{[],[],[],[],[],[],[],[],[],[],[],[],[],[],[],
                           []}}}]},
            {boss_websocket_router,handle_cast,2},
            {gen_server,handle_msg,5},
            {proc_lib,init_p_do_apply,3}]}

=ERROR REPORT==== 11-Aug-2012::12:28:21 ===
** Generic server boss_websocket_router terminating 
** Last message in was {'$gen_cast',
                           {terminate_service,<<"/websocket/test">>,
                               <0.240.0>,
                               <<"e22a1fc7e0aff384815cd2ed05c2eec877ee3d18">>}}
** When Server state == {state,{dict,0,16,16,8,80,48,
                                     {[],[],[],[],[],[],[],[],[],[],[],[],[],
                                      [],[],[]},
                                     {{[],[],[],[],[],[],[],[],[],[],[],[],[],
                                       [],[],[]}}},
                               {dict,0,16,16,8,80,48,
                                     {[],[],[],[],[],[],[],[],[],[],[],[],[],
                                      [],[],[]},
                                     {{[],[],[],[],[],[],[],[],[],[],[],[],[],
                                       [],[],[]}}},
                               0}
** Reason for termination == 
** {badarg,[{dict,fetch,
                  [<<"/websocket/test">>,
                   {dict,0,16,16,8,80,48,
                         {[],[],[],[],[],[],[],[],[],[],[],[],[],[],[],[]},
                         {{[],[],[],[],[],[],[],[],[],[],[],[],[],[],[],
                           []}}}]},
            {boss_websocket_router,handle_cast,2},
            {gen_server,handle_msg,5},
            {proc_lib,init_p_do_apply,3}]}

=ERROR REPORT==== 11-Aug-2012::12:28:21 ===
** Generic server boss_websocket_router terminating 
** Last message in was {'$gen_cast',
                           {join_service,<<"/websocket/test">>,<0.247.0>,
                               <<"e22a1fc7e0aff384815cd2ed05c2eec877ee3d18">>}}
** When Server state == {state,{dict,0,16,16,8,80,48,
                                     {[],[],[],[],[],[],[],[],[],[],[],[],[],
                                      [],[],[]},
                                     {{[],[],[],[],[],[],[],[],[],[],[],[],[],
                                       [],[],[]}}},
                               {dict,0,16,16,8,80,48,
                                     {[],[],[],[],[],[],[],[],[],[],[],[],[],
                                      [],[],[]},
                                     {{[],[],[],[],[],[],[],[],[],[],[],[],[],
                                       [],[],[]}}},
                               0}
** Reason for termination == 
** {badarg,[{dict,fetch,
                  [<<"/websocket/test">>,
                   {dict,0,16,16,8,80,48,
                         {[],[],[],[],[],[],[],[],[],[],[],[],[],[],[],[]},
                         {{[],[],[],[],[],[],[],[],[],[],[],[],[],[],[],
                           []}}}]},
            {boss_websocket_router,handle_cast,2},
            {gen_server,handle_msg,5},
            {proc_lib,init_p_do_apply,3}]}
