
=INFO REPORT==== 12-Aug-2012::11:12:26 ===
Starting Boss in development mode....

=INFO REPORT==== 12-Aug-2012::11:12:26 ===
Starting master services on 'lxw@jason-lxw'

=INFO REPORT==== 12-Aug-2012::11:12:26 ===
SSL:[]

=INFO REPORT==== 12-Aug-2012::11:12:26 ===
Starting cowboy... on 'lxw@jason-lxw'

=INFO REPORT==== 12-Aug-2012::11:12:26 ===
Starting http listener... on 8001 

=INFO REPORT==== 12-Aug-2012::11:12:26 ===
Loading routes from "/home/jason/soft/ChicagoBoss-0.8.0/lxw/priv/lxw.routes" ....

=INFO REPORT==== 12-Aug-2012::11:12:29 ===
Loading routes from "/home/jason/soft/ChicagoBoss-0.8.0/lxw/priv/lxw.routes" ....

=INFO REPORT==== 12-Aug-2012::11:12:29 ===
GET /my/test/ [lxw] 200 6ms

=INFO REPORT==== 12-Aug-2012::11:12:29 ===
lxw_test_websocket3:handle_join Url="/websocket/test"
 Ws=<0.238.0>
 Sid=<<"e22a1fc7e0aff384815cd2ed05c2eec877ee3d18">>
  State=[]


=INFO REPORT==== 12-Aug-2012::11:12:31 ===
lxw_test_websocket3:handle_incoming Url="/websocket/test"
 Ws=<0.238.0>
 Sid=<<"e22a1fc7e0aff384815cd2ed05c2eec877ee3d18">>
 Message=<<"hello websocket">>
  State=[{<0.238.0>,<<"e22a1fc7e0aff384815cd2ed05c2eec877ee3d18">>}]


=INFO REPORT==== 12-Aug-2012::11:12:31 ===
lxw_test_websocket3:handle_incoming Url="/websocket/test"
 Ws=<0.238.0>
 Sid=<<"e22a1fc7e0aff384815cd2ed05c2eec877ee3d18">>
 Message=<<"hello websocket">>
  State=[{<0.238.0>,<<"e22a1fc7e0aff384815cd2ed05c2eec877ee3d18">>}]


=INFO REPORT==== 12-Aug-2012::11:12:32 ===
lxw_test_websocket3:handle_incoming Url="/websocket/test"
 Ws=<0.238.0>
 Sid=<<"e22a1fc7e0aff384815cd2ed05c2eec877ee3d18">>
 Message=<<"hello websocket">>
  State=[{<0.238.0>,<<"e22a1fc7e0aff384815cd2ed05c2eec877ee3d18">>}]


=INFO REPORT==== 12-Aug-2012::11:12:32 ===
lxw_test_websocket3:handle_incoming Url="/websocket/test"
 Ws=<0.238.0>
 Sid=<<"e22a1fc7e0aff384815cd2ed05c2eec877ee3d18">>
 Message=<<"hello websocket">>
  State=[{<0.238.0>,<<"e22a1fc7e0aff384815cd2ed05c2eec877ee3d18">>}]


=INFO REPORT==== 12-Aug-2012::11:12:32 ===
lxw_test_websocket3:handle_incoming Url="/websocket/test"
 Ws=<0.238.0>
 Sid=<<"e22a1fc7e0aff384815cd2ed05c2eec877ee3d18">>
 Message=<<"hello websocket">>
  State=[{<0.238.0>,<<"e22a1fc7e0aff384815cd2ed05c2eec877ee3d18">>}]


=INFO REPORT==== 12-Aug-2012::11:12:33 ===
lxw_test_websocket3:handle_incoming Url="/websocket/test"
 Ws=<0.238.0>
 Sid=<<"e22a1fc7e0aff384815cd2ed05c2eec877ee3d18">>
 Message=<<"hello websocket">>
  State=[{<0.238.0>,<<"e22a1fc7e0aff384815cd2ed05c2eec877ee3d18">>}]


=INFO REPORT==== 12-Aug-2012::11:20:06 ===
lxw_test_websocket3:handle_incoming Url="/websocket/test"
 Ws=<0.238.0>
 Sid=<<"e22a1fc7e0aff384815cd2ed05c2eec877ee3d18">>
 Message=<<"hello websocket">>
  State=[{<0.238.0>,<<"e22a1fc7e0aff384815cd2ed05c2eec877ee3d18">>}]


=INFO REPORT==== 12-Aug-2012::11:20:15 ===
lxw_test_websocket3:handle_incoming Url="/websocket/test"
 Ws=<0.238.0>
 Sid=<<"e22a1fc7e0aff384815cd2ed05c2eec877ee3d18">>
 Message=<<"hello websocketdd">>
  State=[{<0.238.0>,<<"e22a1fc7e0aff384815cd2ed05c2eec877ee3d18">>}]


=INFO REPORT==== 12-Aug-2012::11:20:29 ===
Loading routes from "/home/jason/soft/ChicagoBoss-0.8.0/lxw/priv/lxw.routes" ....

=INFO REPORT==== 12-Aug-2012::11:20:29 ===
GET /my/test/ [lxw] 200 8ms

=INFO REPORT==== 12-Aug-2012::11:20:29 ===
lxw_test_websocket3:handle_close Url="/websocket/test"
 Ws=<0.238.0>
 Sid=<<"e22a1fc7e0aff384815cd2ed05c2eec877ee3d18">>
  State=[{<0.238.0>,<<"e22a1fc7e0aff384815cd2ed05c2eec877ee3d18">>}]


=INFO REPORT==== 12-Aug-2012::11:20:29 ===
lxw_test_websocket3:handle_join Url="/websocket/test"
 Ws=<0.243.0>
 Sid=<<"e22a1fc7e0aff384815cd2ed05c2eec877ee3d18">>
  State=[]


=INFO REPORT==== 12-Aug-2012::11:20:34 ===
lxw_test_websocket3:handle_incoming Url="/websocket/test"
 Ws=<0.243.0>
 Sid=<<"e22a1fc7e0aff384815cd2ed05c2eec877ee3d18">>
 Message=<<"hello websocket">>
  State=[{<0.243.0>,<<"e22a1fc7e0aff384815cd2ed05c2eec877ee3d18">>}]


=INFO REPORT==== 12-Aug-2012::11:20:45 ===
Loading routes from "/home/jason/soft/ChicagoBoss-0.8.0/lxw/priv/lxw.routes" ....

=INFO REPORT==== 12-Aug-2012::11:20:45 ===
GET /my/test [lxw] 200 6ms

=INFO REPORT==== 12-Aug-2012::11:20:59 ===
Loading routes from "/home/jason/soft/ChicagoBoss-0.8.0/lxw/priv/lxw.routes" ....

=INFO REPORT==== 12-Aug-2012::11:20:59 ===
GET /my/test/ [lxw] 200 6ms

=INFO REPORT==== 12-Aug-2012::11:20:59 ===
lxw_test_websocket3:handle_close Url="/websocket/test"
 Ws=<0.243.0>
 Sid=<<"e22a1fc7e0aff384815cd2ed05c2eec877ee3d18">>
  State=[{<0.243.0>,<<"e22a1fc7e0aff384815cd2ed05c2eec877ee3d18">>}]


=INFO REPORT==== 12-Aug-2012::11:21:00 ===
lxw_test_websocket3:handle_join Url="/websocket/test"
 Ws=<0.252.0>
 Sid=<<"e22a1fc7e0aff384815cd2ed05c2eec877ee3d18">>
  State=[]


=INFO REPORT==== 12-Aug-2012::11:21:18 ===
Loading routes from "/home/jason/soft/ChicagoBoss-0.8.0/lxw/priv/lxw.routes" ....

=INFO REPORT==== 12-Aug-2012::11:21:18 ===
GET /my/test/ [lxw] 200 6ms

=INFO REPORT==== 12-Aug-2012::11:21:18 ===
lxw_test_websocket3:handle_close Url="/websocket/test"
 Ws=<0.252.0>
 Sid=<<"e22a1fc7e0aff384815cd2ed05c2eec877ee3d18">>
  State=[{<0.252.0>,<<"e22a1fc7e0aff384815cd2ed05c2eec877ee3d18">>}]


=INFO REPORT==== 12-Aug-2012::11:21:18 ===
lxw_test_websocket3:handle_join Url="/websocket/test"
 Ws=<0.257.0>
 Sid=<<"e22a1fc7e0aff384815cd2ed05c2eec877ee3d18">>
  State=[]


=INFO REPORT==== 12-Aug-2012::11:21:24 ===
Loading routes from "/home/jason/soft/ChicagoBoss-0.8.0/lxw/priv/lxw.routes" ....

=INFO REPORT==== 12-Aug-2012::11:21:24 ===
GET /my/test/ [lxw] 200 9ms

=INFO REPORT==== 12-Aug-2012::11:21:24 ===
lxw_test_websocket3:handle_close Url="/websocket/test"
 Ws=<0.257.0>
 Sid=<<"e22a1fc7e0aff384815cd2ed05c2eec877ee3d18">>
  State=[{<0.257.0>,<<"e22a1fc7e0aff384815cd2ed05c2eec877ee3d18">>}]


=INFO REPORT==== 12-Aug-2012::11:21:24 ===
lxw_test_websocket3:handle_join Url="/websocket/test"
 Ws=<0.261.0>
 Sid=<<"e22a1fc7e0aff384815cd2ed05c2eec877ee3d18">>
  State=[]


=INFO REPORT==== 12-Aug-2012::11:21:34 ===
Loading routes from "/home/jason/soft/ChicagoBoss-0.8.0/lxw/priv/lxw.routes" ....

=INFO REPORT==== 12-Aug-2012::11:21:34 ===
GET /my/test/ [lxw] 200 15ms

=INFO REPORT==== 12-Aug-2012::11:21:34 ===
lxw_test_websocket3:handle_join Url="/websocket/test"
 Ws=<0.265.0>
 Sid=undefined
  State=[{<0.261.0>,<<"e22a1fc7e0aff384815cd2ed05c2eec877ee3d18">>}]


=INFO REPORT==== 12-Aug-2012::11:21:47 ===
lxw_test_websocket3:handle_close Url="/websocket/test"
 Ws=<0.265.0>
 Sid=undefined
  State=[{<0.265.0>,undefined},
         {<0.261.0>,<<"e22a1fc7e0aff384815cd2ed05c2eec877ee3d18">>}]


=INFO REPORT==== 12-Aug-2012::11:21:47 ===
Loading routes from "/home/jason/soft/ChicagoBoss-0.8.0/lxw/priv/lxw.routes" ....

=INFO REPORT==== 12-Aug-2012::11:21:47 ===
GET /my/test/ [lxw] 200 10ms

=INFO REPORT==== 12-Aug-2012::11:21:47 ===
lxw_test_websocket3:handle_join Url="/websocket/test"
 Ws=<0.269.0>
 Sid=undefined
  State=[{<0.261.0>,<<"e22a1fc7e0aff384815cd2ed05c2eec877ee3d18">>}]


=INFO REPORT==== 12-Aug-2012::11:21:48 ===
lxw_test_websocket3:handle_close Url="/websocket/test"
 Ws=<0.269.0>
 Sid=undefined
  State=[{<0.269.0>,undefined},
         {<0.261.0>,<<"e22a1fc7e0aff384815cd2ed05c2eec877ee3d18">>}]


=INFO REPORT==== 12-Aug-2012::11:21:48 ===
Loading routes from "/home/jason/soft/ChicagoBoss-0.8.0/lxw/priv/lxw.routes" ....

=INFO REPORT==== 12-Aug-2012::11:21:48 ===
GET /my/test/ [lxw] 200 13ms

=INFO REPORT==== 12-Aug-2012::11:21:48 ===
lxw_test_websocket3:handle_join Url="/websocket/test"
 Ws=<0.272.0>
 Sid=undefined
  State=[{<0.261.0>,<<"e22a1fc7e0aff384815cd2ed05c2eec877ee3d18">>}]

