
=INFO REPORT==== 12-Aug-2012::10:53:08 ===
Starting Boss in development mode....

=INFO REPORT==== 12-Aug-2012::10:53:08 ===
Starting master services on 'lxw@jason-lxw'

=INFO REPORT==== 12-Aug-2012::10:53:08 ===
SSL:[]

=INFO REPORT==== 12-Aug-2012::10:53:08 ===
Starting cowboy... on 'lxw@jason-lxw'

=INFO REPORT==== 12-Aug-2012::10:53:08 ===
Starting http listener... on 8001 

=INFO REPORT==== 12-Aug-2012::10:53:08 ===
Loading routes from "/home/jason/soft/ChicagoBoss-0.8.0/lxw/priv/lxw.routes" ....

=INFO REPORT==== 12-Aug-2012::10:53:11 ===
Loading routes from "/home/jason/soft/ChicagoBoss-0.8.0/lxw/priv/lxw.routes" ....

=INFO REPORT==== 12-Aug-2012::10:53:11 ===
GET /my/test/sdfsdfsdfsdfsdfsdf [lxw] 200 5ms

=INFO REPORT==== 12-Aug-2012::10:53:14 ===
Loading routes from "/home/jason/soft/ChicagoBoss-0.8.0/lxw/priv/lxw.routes" ....

=INFO REPORT==== 12-Aug-2012::10:53:14 ===
GET /my/test/sdfsdfsdfsdfsdfsdf [lxw] 200 6ms

=INFO REPORT==== 12-Aug-2012::10:53:14 ===
Loading routes from "/home/jason/soft/ChicagoBoss-0.8.0/lxw/priv/lxw.routes" ....

=INFO REPORT==== 12-Aug-2012::10:53:14 ===
GET /my/test/sdfsdfsdfsdfsdfsdf [lxw] 200 7ms

=INFO REPORT==== 12-Aug-2012::10:53:14 ===
Loading routes from "/home/jason/soft/ChicagoBoss-0.8.0/lxw/priv/lxw.routes" ....

=INFO REPORT==== 12-Aug-2012::10:53:14 ===
GET /my/test/sdfsdfsdfsdfsdfsdf [lxw] 200 4ms

=INFO REPORT==== 12-Aug-2012::10:53:15 ===
Loading routes from "/home/jason/soft/ChicagoBoss-0.8.0/lxw/priv/lxw.routes" ....

=INFO REPORT==== 12-Aug-2012::10:53:15 ===
GET /my/test/sdfsdfsdfsdfsdfsdf [lxw] 200 5ms

=INFO REPORT==== 12-Aug-2012::10:53:15 ===
Loading routes from "/home/jason/soft/ChicagoBoss-0.8.0/lxw/priv/lxw.routes" ....

=INFO REPORT==== 12-Aug-2012::10:53:15 ===
GET /my/test/sdfsdfsdfsdfsdfsdf [lxw] 200 5ms

=INFO REPORT==== 12-Aug-2012::10:53:15 ===
Loading routes from "/home/jason/soft/ChicagoBoss-0.8.0/lxw/priv/lxw.routes" ....

=INFO REPORT==== 12-Aug-2012::10:53:15 ===
GET /my/test/sdfsdfsdfsdfsdfsdf [lxw] 200 5ms

=INFO REPORT==== 12-Aug-2012::10:53:15 ===
Loading routes from "/home/jason/soft/ChicagoBoss-0.8.0/lxw/priv/lxw.routes" ....

=INFO REPORT==== 12-Aug-2012::10:53:15 ===
GET /my/test/sdfsdfsdfsdfsdfsdf [lxw] 200 5ms

=INFO REPORT==== 12-Aug-2012::10:53:34 ===
Loading routes from "/home/jason/soft/ChicagoBoss-0.8.0/lxw/priv/lxw.routes" ....

=INFO REPORT==== 12-Aug-2012::10:53:34 ===
GET /my/test/sdfsdfsdfsdfsdfsdf [lxw] 200 27ms

=INFO REPORT==== 12-Aug-2012::10:53:36 ===
Loading routes from "/home/jason/soft/ChicagoBoss-0.8.0/lxw/priv/lxw.routes" ....

=INFO REPORT==== 12-Aug-2012::10:53:36 ===
GET /my/test/sdfsdfsdfsdfsdfsdf [lxw] 200 8ms

=INFO REPORT==== 12-Aug-2012::10:53:55 ===
Loading routes from "/home/jason/soft/ChicagoBoss-0.8.0/lxw/priv/lxw.routes" ....

=INFO REPORT==== 12-Aug-2012::10:53:55 ===
GET /my/test/sdfsdfsdfsdfsdfsdf [lxw] 200 5ms

=INFO REPORT==== 12-Aug-2012::10:54:09 ===
Loading routes from "/home/jason/soft/ChicagoBoss-0.8.0/lxw/priv/lxw.routes" ....

=INFO REPORT==== 12-Aug-2012::10:54:09 ===
GET /my/test/sdfsdfsdfsdfsdfsdf [lxw] 200 23ms

=ERROR REPORT==== 12-Aug-2012::10:54:09 ===
** Generic server boss_websocket_router terminating 
** Last message in was {'$gen_cast',
                           {join_service,<<"/websocket/test/sdf">>,<0.278.0>,
                               <<"e22a1fc7e0aff384815cd2ed05c2eec877ee3d18">>}}
** When Server state == {state,{dict,0,16,16,8,80,48,
                                     {[],[],[],[],[],[],[],[],[],[],[],[],[],
                                      [],[],[]},
                                     {{[],[],[],[],[],[],[],[],[],[],[],[],[],
                                       [],[],[]}}},
                               {dict,2,16,16,8,80,48,
                                     {[],[],[],[],[],[],[],[],[],[],[],[],[],
                                      [],[],[]},
                                     {{[],[],[],[],
                                       [[<<"/websocket/test">>|
                                         lxw_test_websocket]],
                                       [],[],[],[],
                                       [[<<"/websocket/foobar">>|
                                         lxw_foobar_websocket]],
                                       [],[],[],[],[],[]}}},
                               0}
** Reason for termination == 
** {badarg,[{dict,fetch,
                  [<<"/websocket/test/sdf">>,
                   {dict,2,16,16,8,80,48,
                         {[],[],[],[],[],[],[],[],[],[],[],[],[],[],[],[]},
                         {{[],[],[],[],
                           [[<<"/websocket/test">>|lxw_test_websocket]],
                           [],[],[],[],
                           [[<<"/websocket/foobar">>|lxw_foobar_websocket]],
                           [],[],[],[],[],[]}}}]},
            {boss_websocket_router,handle_cast,2},
            {gen_server,handle_msg,5},
            {proc_lib,init_p_do_apply,3}]}

=ERROR REPORT==== 12-Aug-2012::10:54:09 ===
** Generic server boss_websocket_router terminating 
** Last message in was {'$gen_cast',
                           {incoming_msg,<<"/websocket/test/sdf">>,<0.278.0>,
                               <<"e22a1fc7e0aff384815cd2ed05c2eec877ee3d18">>,
                               <<"accepting....">>}}
** When Server state == {state,{dict,0,16,16,8,80,48,
                                     {[],[],[],[],[],[],[],[],[],[],[],[],[],
                                      [],[],[]},
                                     {{[],[],[],[],[],[],[],[],[],[],[],[],[],
                                       [],[],[]}}},
                               {dict,0,16,16,8,80,48,
                                     {[],[],[],[],[],[],[],[],[],[],[],[],[],
                                      [],[],[]},
                                     {{[],[],[],[],[],[],[],[],[],[],[],[],[],
                                       [],[],[]}}},
                               0}
** Reason for termination == 
** {badarg,[{dict,fetch,
                  [<<"/websocket/test/sdf">>,
                   {dict,0,16,16,8,80,48,
                         {[],[],[],[],[],[],[],[],[],[],[],[],[],[],[],[]},
                         {{[],[],[],[],[],[],[],[],[],[],[],[],[],[],[],
                           []}}}]},
            {boss_websocket_router,handle_cast,2},
            {gen_server,handle_msg,5},
            {proc_lib,init_p_do_apply,3}]}

=INFO REPORT==== 12-Aug-2012::10:54:25 ===
Loading routes from "/home/jason/soft/ChicagoBoss-0.8.0/lxw/priv/lxw.routes" ....

=INFO REPORT==== 12-Aug-2012::10:54:25 ===
GET /my/test/sdfsdfsdfsdfsdfsdf [lxw] 200 23ms

=ERROR REPORT==== 12-Aug-2012::10:54:25 ===
** Generic server boss_websocket_router terminating 
** Last message in was {'$gen_cast',
                           {terminate_service,<<"/websocket/test/sdf">>,
                               <0.278.0>,
                               <<"e22a1fc7e0aff384815cd2ed05c2eec877ee3d18">>}}
** When Server state == {state,{dict,0,16,16,8,80,48,
                                     {[],[],[],[],[],[],[],[],[],[],[],[],[],
                                      [],[],[]},
                                     {{[],[],[],[],[],[],[],[],[],[],[],[],[],
                                       [],[],[]}}},
                               {dict,0,16,16,8,80,48,
                                     {[],[],[],[],[],[],[],[],[],[],[],[],[],
                                      [],[],[]},
                                     {{[],[],[],[],[],[],[],[],[],[],[],[],[],
                                       [],[],[]}}},
                               0}
** Reason for termination == 
** {badarg,[{dict,fetch,
                  [<<"/websocket/test/sdf">>,
                   {dict,0,16,16,8,80,48,
                         {[],[],[],[],[],[],[],[],[],[],[],[],[],[],[],[]},
                         {{[],[],[],[],[],[],[],[],[],[],[],[],[],[],[],
                           []}}}]},
            {boss_websocket_router,handle_cast,2},
            {gen_server,handle_msg,5},
            {proc_lib,init_p_do_apply,3}]}

=ERROR REPORT==== 12-Aug-2012::10:54:25 ===
** Generic server boss_websocket_router terminating 
** Last message in was {'$gen_cast',
                           {join_service,<<"/websocket/test">>,<0.293.0>,
                               <<"e22a1fc7e0aff384815cd2ed05c2eec877ee3d18">>}}
** When Server state == {state,{dict,0,16,16,8,80,48,
                                     {[],[],[],[],[],[],[],[],[],[],[],[],[],
                                      [],[],[]},
                                     {{[],[],[],[],[],[],[],[],[],[],[],[],[],
                                       [],[],[]}}},
                               {dict,0,16,16,8,80,48,
                                     {[],[],[],[],[],[],[],[],[],[],[],[],[],
                                      [],[],[]},
                                     {{[],[],[],[],[],[],[],[],[],[],[],[],[],
                                       [],[],[]}}},
                               0}
** Reason for termination == 
** {badarg,[{dict,fetch,
                  [<<"/websocket/test">>,
                   {dict,0,16,16,8,80,48,
                         {[],[],[],[],[],[],[],[],[],[],[],[],[],[],[],[]},
                         {{[],[],[],[],[],[],[],[],[],[],[],[],[],[],[],
                           []}}}]},
            {boss_websocket_router,handle_cast,2},
            {gen_server,handle_msg,5},
            {proc_lib,init_p_do_apply,3}]}

=ERROR REPORT==== 12-Aug-2012::10:54:25 ===
** Generic server boss_websocket_router terminating 
** Last message in was {'$gen_cast',
                           {incoming_msg,<<"/websocket/test">>,<0.293.0>,
                               <<"e22a1fc7e0aff384815cd2ed05c2eec877ee3d18">>,
                               <<"accepting....">>}}
** When Server state == {state,{dict,0,16,16,8,80,48,
                                     {[],[],[],[],[],[],[],[],[],[],[],[],[],
                                      [],[],[]},
                                     {{[],[],[],[],[],[],[],[],[],[],[],[],[],
                                       [],[],[]}}},
                               {dict,0,16,16,8,80,48,
                                     {[],[],[],[],[],[],[],[],[],[],[],[],[],
                                      [],[],[]},
                                     {{[],[],[],[],[],[],[],[],[],[],[],[],[],
                                       [],[],[]}}},
                               0}
** Reason for termination == 
** {badarg,[{dict,fetch,
                  [<<"/websocket/test">>,
                   {dict,0,16,16,8,80,48,
                         {[],[],[],[],[],[],[],[],[],[],[],[],[],[],[],[]},
                         {{[],[],[],[],[],[],[],[],[],[],[],[],[],[],[],
                           []}}}]},
            {boss_websocket_router,handle_cast,2},
            {gen_server,handle_msg,5},
            {proc_lib,init_p_do_apply,3}]}

=INFO REPORT==== 12-Aug-2012::10:54:27 ===
Loading routes from "/home/jason/soft/ChicagoBoss-0.8.0/lxw/priv/lxw.routes" ....

=INFO REPORT==== 12-Aug-2012::10:54:27 ===
GET /my/test/sdfsdfsdfsdfsdfsdf [lxw] 200 18ms

=ERROR REPORT==== 12-Aug-2012::10:54:27 ===
** Generic server boss_websocket_router terminating 
** Last message in was {'$gen_cast',
                           {terminate_service,<<"/websocket/test">>,
                               <0.293.0>,
                               <<"e22a1fc7e0aff384815cd2ed05c2eec877ee3d18">>}}
** When Server state == {state,{dict,0,16,16,8,80,48,
                                     {[],[],[],[],[],[],[],[],[],[],[],[],[],
                                      [],[],[]},
                                     {{[],[],[],[],[],[],[],[],[],[],[],[],[],
                                       [],[],[]}}},
                               {dict,0,16,16,8,80,48,
                                     {[],[],[],[],[],[],[],[],[],[],[],[],[],
                                      [],[],[]},
                                     {{[],[],[],[],[],[],[],[],[],[],[],[],[],
                                       [],[],[]}}},
                               0}
** Reason for termination == 
** {badarg,[{dict,fetch,
                  [<<"/websocket/test">>,
                   {dict,0,16,16,8,80,48,
                         {[],[],[],[],[],[],[],[],[],[],[],[],[],[],[],[]},
                         {{[],[],[],[],[],[],[],[],[],[],[],[],[],[],[],
                           []}}}]},
            {boss_websocket_router,handle_cast,2},
            {gen_server,handle_msg,5},
            {proc_lib,init_p_do_apply,3}]}

=ERROR REPORT==== 12-Aug-2012::10:54:27 ===
** Generic server boss_websocket_router terminating 
** Last message in was {'$gen_cast',
                           {join_service,<<"/websocket/test">>,<0.305.0>,
                               <<"e22a1fc7e0aff384815cd2ed05c2eec877ee3d18">>}}
** When Server state == {state,{dict,0,16,16,8,80,48,
                                     {[],[],[],[],[],[],[],[],[],[],[],[],[],
                                      [],[],[]},
                                     {{[],[],[],[],[],[],[],[],[],[],[],[],[],
                                       [],[],[]}}},
                               {dict,0,16,16,8,80,48,
                                     {[],[],[],[],[],[],[],[],[],[],[],[],[],
                                      [],[],[]},
                                     {{[],[],[],[],[],[],[],[],[],[],[],[],[],
                                       [],[],[]}}},
                               0}
** Reason for termination == 
** {badarg,[{dict,fetch,
                  [<<"/websocket/test">>,
                   {dict,0,16,16,8,80,48,
                         {[],[],[],[],[],[],[],[],[],[],[],[],[],[],[],[]},
                         {{[],[],[],[],[],[],[],[],[],[],[],[],[],[],[],
                           []}}}]},
            {boss_websocket_router,handle_cast,2},
            {gen_server,handle_msg,5},
            {proc_lib,init_p_do_apply,3}]}

=ERROR REPORT==== 12-Aug-2012::10:54:27 ===
** Generic server boss_websocket_router terminating 
** Last message in was {'$gen_cast',
                           {incoming_msg,<<"/websocket/test">>,<0.305.0>,
                               <<"e22a1fc7e0aff384815cd2ed05c2eec877ee3d18">>,
                               <<"accepting....">>}}
** When Server state == {state,{dict,0,16,16,8,80,48,
                                     {[],[],[],[],[],[],[],[],[],[],[],[],[],
                                      [],[],[]},
                                     {{[],[],[],[],[],[],[],[],[],[],[],[],[],
                                       [],[],[]}}},
                               {dict,0,16,16,8,80,48,
                                     {[],[],[],[],[],[],[],[],[],[],[],[],[],
                                      [],[],[]},
                                     {{[],[],[],[],[],[],[],[],[],[],[],[],[],
                                       [],[],[]}}},
                               0}
** Reason for termination == 
** {badarg,[{dict,fetch,
                  [<<"/websocket/test">>,
                   {dict,0,16,16,8,80,48,
                         {[],[],[],[],[],[],[],[],[],[],[],[],[],[],[],[]},
                         {{[],[],[],[],[],[],[],[],[],[],[],[],[],[],[],
                           []}}}]},
            {boss_websocket_router,handle_cast,2},
            {gen_server,handle_msg,5},
            {proc_lib,init_p_do_apply,3}]}

=INFO REPORT==== 12-Aug-2012::10:55:08 ===
Loading routes from "/home/jason/soft/ChicagoBoss-0.8.0/lxw/priv/lxw.routes" ....

=INFO REPORT==== 12-Aug-2012::10:55:08 ===
GET /my/test/sdfsdfsdfsdfsdfsdf [lxw] 200 6ms

=ERROR REPORT==== 12-Aug-2012::10:55:08 ===
** Generic server boss_websocket_router terminating 
** Last message in was {'$gen_cast',
                           {terminate_service,<<"/websocket/test">>,
                               <0.305.0>,
                               <<"e22a1fc7e0aff384815cd2ed05c2eec877ee3d18">>}}
** When Server state == {state,{dict,0,16,16,8,80,48,
                                     {[],[],[],[],[],[],[],[],[],[],[],[],[],
                                      [],[],[]},
                                     {{[],[],[],[],[],[],[],[],[],[],[],[],[],
                                       [],[],[]}}},
                               {dict,0,16,16,8,80,48,
                                     {[],[],[],[],[],[],[],[],[],[],[],[],[],
                                      [],[],[]},
                                     {{[],[],[],[],[],[],[],[],[],[],[],[],[],
                                       [],[],[]}}},
                               0}
** Reason for termination == 
** {badarg,[{dict,fetch,
                  [<<"/websocket/test">>,
                   {dict,0,16,16,8,80,48,
                         {[],[],[],[],[],[],[],[],[],[],[],[],[],[],[],[]},
                         {{[],[],[],[],[],[],[],[],[],[],[],[],[],[],[],
                           []}}}]},
            {boss_websocket_router,handle_cast,2},
            {gen_server,handle_msg,5},
            {proc_lib,init_p_do_apply,3}]}

=ERROR REPORT==== 12-Aug-2012::10:55:08 ===
** Generic server boss_websocket_router terminating 
** Last message in was {'$gen_cast',
                           {join_service,<<"/websocket/test">>,<0.317.0>,
                               <<"e22a1fc7e0aff384815cd2ed05c2eec877ee3d18">>}}
** When Server state == {state,{dict,0,16,16,8,80,48,
                                     {[],[],[],[],[],[],[],[],[],[],[],[],[],
                                      [],[],[]},
                                     {{[],[],[],[],[],[],[],[],[],[],[],[],[],
                                       [],[],[]}}},
                               {dict,0,16,16,8,80,48,
                                     {[],[],[],[],[],[],[],[],[],[],[],[],[],
                                      [],[],[]},
                                     {{[],[],[],[],[],[],[],[],[],[],[],[],[],
                                       [],[],[]}}},
                               0}
** Reason for termination == 
** {badarg,[{dict,fetch,
                  [<<"/websocket/test">>,
                   {dict,0,16,16,8,80,48,
                         {[],[],[],[],[],[],[],[],[],[],[],[],[],[],[],[]},
                         {{[],[],[],[],[],[],[],[],[],[],[],[],[],[],[],
                           []}}}]},
            {boss_websocket_router,handle_cast,2},
            {gen_server,handle_msg,5},
            {proc_lib,init_p_do_apply,3}]}

=ERROR REPORT==== 12-Aug-2012::10:55:08 ===
** Generic server boss_websocket_router terminating 
** Last message in was {'$gen_cast',
                           {incoming_msg,<<"/websocket/test">>,<0.317.0>,
                               <<"e22a1fc7e0aff384815cd2ed05c2eec877ee3d18">>,
                               <<"accepting....">>}}
** When Server state == {state,{dict,0,16,16,8,80,48,
                                     {[],[],[],[],[],[],[],[],[],[],[],[],[],
                                      [],[],[]},
                                     {{[],[],[],[],[],[],[],[],[],[],[],[],[],
                                       [],[],[]}}},
                               {dict,0,16,16,8,80,48,
                                     {[],[],[],[],[],[],[],[],[],[],[],[],[],
                                      [],[],[]},
                                     {{[],[],[],[],[],[],[],[],[],[],[],[],[],
                                       [],[],[]}}},
                               0}
** Reason for termination == 
** {badarg,[{dict,fetch,
                  [<<"/websocket/test">>,
                   {dict,0,16,16,8,80,48,
                         {[],[],[],[],[],[],[],[],[],[],[],[],[],[],[],[]},
                         {{[],[],[],[],[],[],[],[],[],[],[],[],[],[],[],
                           []}}}]},
            {boss_websocket_router,handle_cast,2},
            {gen_server,handle_msg,5},
            {proc_lib,init_p_do_apply,3}]}

=ERROR REPORT==== 12-Aug-2012::10:56:55 ===
** Generic server boss_websocket_router terminating 
** Last message in was {'$gen_cast',
                           {incoming_msg,<<"/websocket/test">>,<0.317.0>,
                               <<"e22a1fc7e0aff384815cd2ed05c2eec877ee3d18">>,
                               <<"hello websocket">>}}
** When Server state == {state,{dict,0,16,16,8,80,48,
                                     {[],[],[],[],[],[],[],[],[],[],[],[],[],
                                      [],[],[]},
                                     {{[],[],[],[],[],[],[],[],[],[],[],[],[],
                                       [],[],[]}}},
                               {dict,0,16,16,8,80,48,
                                     {[],[],[],[],[],[],[],[],[],[],[],[],[],
                                      [],[],[]},
                                     {{[],[],[],[],[],[],[],[],[],[],[],[],[],
                                       [],[],[]}}},
                               0}
** Reason for termination == 
** {badarg,[{dict,fetch,
                  [<<"/websocket/test">>,
                   {dict,0,16,16,8,80,48,
                         {[],[],[],[],[],[],[],[],[],[],[],[],[],[],[],[]},
                         {{[],[],[],[],[],[],[],[],[],[],[],[],[],[],[],
                           []}}}]},
            {boss_websocket_router,handle_cast,2},
            {gen_server,handle_msg,5},
            {proc_lib,init_p_do_apply,3}]}

=ERROR REPORT==== 12-Aug-2012::10:56:57 ===
** Generic server boss_websocket_router terminating 
** Last message in was {'$gen_cast',
                           {incoming_msg,<<"/websocket/test">>,<0.317.0>,
                               <<"e22a1fc7e0aff384815cd2ed05c2eec877ee3d18">>,
                               <<"hello websocketsss">>}}
** When Server state == {state,{dict,0,16,16,8,80,48,
                                     {[],[],[],[],[],[],[],[],[],[],[],[],[],
                                      [],[],[]},
                                     {{[],[],[],[],[],[],[],[],[],[],[],[],[],
                                       [],[],[]}}},
                               {dict,0,16,16,8,80,48,
                                     {[],[],[],[],[],[],[],[],[],[],[],[],[],
                                      [],[],[]},
                                     {{[],[],[],[],[],[],[],[],[],[],[],[],[],
                                       [],[],[]}}},
                               0}
** Reason for termination == 
** {badarg,[{dict,fetch,
                  [<<"/websocket/test">>,
                   {dict,0,16,16,8,80,48,
                         {[],[],[],[],[],[],[],[],[],[],[],[],[],[],[],[]},
                         {{[],[],[],[],[],[],[],[],[],[],[],[],[],[],[],
                           []}}}]},
            {boss_websocket_router,handle_cast,2},
            {gen_server,handle_msg,5},
            {proc_lib,init_p_do_apply,3}]}

=INFO REPORT==== 12-Aug-2012::10:57:18 ===
Loading routes from "/home/jason/soft/ChicagoBoss-0.8.0/lxw/priv/lxw.routes" ....

=INFO REPORT==== 12-Aug-2012::10:57:18 ===
GET /my/test/sdfsdfsdfsdfsdfsdf [lxw] 200 22ms

=ERROR REPORT==== 12-Aug-2012::10:57:18 ===
** Generic server boss_websocket_router terminating 
** Last message in was {'$gen_cast',
                           {terminate_service,<<"/websocket/test">>,
                               <0.317.0>,
                               <<"e22a1fc7e0aff384815cd2ed05c2eec877ee3d18">>}}
** When Server state == {state,{dict,0,16,16,8,80,48,
                                     {[],[],[],[],[],[],[],[],[],[],[],[],[],
                                      [],[],[]},
                                     {{[],[],[],[],[],[],[],[],[],[],[],[],[],
                                       [],[],[]}}},
                               {dict,0,16,16,8,80,48,
                                     {[],[],[],[],[],[],[],[],[],[],[],[],[],
                                      [],[],[]},
                                     {{[],[],[],[],[],[],[],[],[],[],[],[],[],
                                       [],[],[]}}},
                               0}
** Reason for termination == 
** {badarg,[{dict,fetch,
                  [<<"/websocket/test">>,
                   {dict,0,16,16,8,80,48,
                         {[],[],[],[],[],[],[],[],[],[],[],[],[],[],[],[]},
                         {{[],[],[],[],[],[],[],[],[],[],[],[],[],[],[],
                           []}}}]},
            {boss_websocket_router,handle_cast,2},
            {gen_server,handle_msg,5},
            {proc_lib,init_p_do_apply,3}]}

=ERROR REPORT==== 12-Aug-2012::10:57:18 ===
** Generic server boss_websocket_router terminating 
** Last message in was {'$gen_cast',
                           {join_service,<<"/websocket/test">>,<0.340.0>,
                               <<"e22a1fc7e0aff384815cd2ed05c2eec877ee3d18">>}}
** When Server state == {state,{dict,0,16,16,8,80,48,
                                     {[],[],[],[],[],[],[],[],[],[],[],[],[],
                                      [],[],[]},
                                     {{[],[],[],[],[],[],[],[],[],[],[],[],[],
                                       [],[],[]}}},
                               {dict,0,16,16,8,80,48,
                                     {[],[],[],[],[],[],[],[],[],[],[],[],[],
                                      [],[],[]},
                                     {{[],[],[],[],[],[],[],[],[],[],[],[],[],
                                       [],[],[]}}},
                               0}
** Reason for termination == 
** {badarg,[{dict,fetch,
                  [<<"/websocket/test">>,
                   {dict,0,16,16,8,80,48,
                         {[],[],[],[],[],[],[],[],[],[],[],[],[],[],[],[]},
                         {{[],[],[],[],[],[],[],[],[],[],[],[],[],[],[],
                           []}}}]},
            {boss_websocket_router,handle_cast,2},
            {gen_server,handle_msg,5},
            {proc_lib,init_p_do_apply,3}]}

=ERROR REPORT==== 12-Aug-2012::10:57:22 ===
** Generic server boss_websocket_router terminating 
** Last message in was {'$gen_cast',
                           {incoming_msg,<<"/websocket/test">>,<0.340.0>,
                               <<"e22a1fc7e0aff384815cd2ed05c2eec877ee3d18">>,
                               <<"hello websocketsdf">>}}
** When Server state == {state,{dict,0,16,16,8,80,48,
                                     {[],[],[],[],[],[],[],[],[],[],[],[],[],
                                      [],[],[]},
                                     {{[],[],[],[],[],[],[],[],[],[],[],[],[],
                                       [],[],[]}}},
                               {dict,0,16,16,8,80,48,
                                     {[],[],[],[],[],[],[],[],[],[],[],[],[],
                                      [],[],[]},
                                     {{[],[],[],[],[],[],[],[],[],[],[],[],[],
                                       [],[],[]}}},
                               0}
** Reason for termination == 
** {badarg,[{dict,fetch,
                  [<<"/websocket/test">>,
                   {dict,0,16,16,8,80,48,
                         {[],[],[],[],[],[],[],[],[],[],[],[],[],[],[],[]},
                         {{[],[],[],[],[],[],[],[],[],[],[],[],[],[],[],
                           []}}}]},
            {boss_websocket_router,handle_cast,2},
            {gen_server,handle_msg,5},
            {proc_lib,init_p_do_apply,3}]}

=ERROR REPORT==== 12-Aug-2012::10:57:48 ===
** Generic server boss_websocket_router terminating 
** Last message in was {'$gen_cast',
                           {terminate_service,<<"/websocket/test">>,
                               <0.340.0>,
                               <<"e22a1fc7e0aff384815cd2ed05c2eec877ee3d18">>}}
** When Server state == {state,{dict,0,16,16,8,80,48,
                                     {[],[],[],[],[],[],[],[],[],[],[],[],[],
                                      [],[],[]},
                                     {{[],[],[],[],[],[],[],[],[],[],[],[],[],
                                       [],[],[]}}},
                               {dict,0,16,16,8,80,48,
                                     {[],[],[],[],[],[],[],[],[],[],[],[],[],
                                      [],[],[]},
                                     {{[],[],[],[],[],[],[],[],[],[],[],[],[],
                                       [],[],[]}}},
                               0}
** Reason for termination == 
** {badarg,[{dict,fetch,
                  [<<"/websocket/test">>,
                   {dict,0,16,16,8,80,48,
                         {[],[],[],[],[],[],[],[],[],[],[],[],[],[],[],[]},
                         {{[],[],[],[],[],[],[],[],[],[],[],[],[],[],[],
                           []}}}]},
            {boss_websocket_router,handle_cast,2},
            {gen_server,handle_msg,5},
            {proc_lib,init_p_do_apply,3}]}

=INFO REPORT==== 12-Aug-2012::10:57:50 ===
Loading routes from "/home/jason/soft/ChicagoBoss-0.8.0/lxw/priv/lxw.routes" ....

=INFO REPORT==== 12-Aug-2012::10:57:50 ===
GET /my/test/ [lxw] 200 5ms

=ERROR REPORT==== 12-Aug-2012::10:57:50 ===
** Generic server boss_websocket_router terminating 
** Last message in was {'$gen_cast',
                           {join_service,<<"/websocket/test">>,<0.354.0>,
                               <<"e22a1fc7e0aff384815cd2ed05c2eec877ee3d18">>}}
** When Server state == {state,{dict,0,16,16,8,80,48,
                                     {[],[],[],[],[],[],[],[],[],[],[],[],[],
                                      [],[],[]},
                                     {{[],[],[],[],[],[],[],[],[],[],[],[],[],
                                       [],[],[]}}},
                               {dict,0,16,16,8,80,48,
                                     {[],[],[],[],[],[],[],[],[],[],[],[],[],
                                      [],[],[]},
                                     {{[],[],[],[],[],[],[],[],[],[],[],[],[],
                                       [],[],[]}}},
                               0}
** Reason for termination == 
** {badarg,[{dict,fetch,
                  [<<"/websocket/test">>,
                   {dict,0,16,16,8,80,48,
                         {[],[],[],[],[],[],[],[],[],[],[],[],[],[],[],[]},
                         {{[],[],[],[],[],[],[],[],[],[],[],[],[],[],[],
                           []}}}]},
            {boss_websocket_router,handle_cast,2},
            {gen_server,handle_msg,5},
            {proc_lib,init_p_do_apply,3}]}

=ERROR REPORT==== 12-Aug-2012::10:58:03 ===
** Generic server boss_websocket_router terminating 
** Last message in was {'$gen_cast',
                           {terminate_service,<<"/websocket/test">>,
                               <0.354.0>,
                               <<"e22a1fc7e0aff384815cd2ed05c2eec877ee3d18">>}}
** When Server state == {state,{dict,0,16,16,8,80,48,
                                     {[],[],[],[],[],[],[],[],[],[],[],[],[],
                                      [],[],[]},
                                     {{[],[],[],[],[],[],[],[],[],[],[],[],[],
                                       [],[],[]}}},
                               {dict,0,16,16,8,80,48,
                                     {[],[],[],[],[],[],[],[],[],[],[],[],[],
                                      [],[],[]},
                                     {{[],[],[],[],[],[],[],[],[],[],[],[],[],
                                       [],[],[]}}},
                               0}
** Reason for termination == 
** {badarg,[{dict,fetch,
                  [<<"/websocket/test">>,
                   {dict,0,16,16,8,80,48,
                         {[],[],[],[],[],[],[],[],[],[],[],[],[],[],[],[]},
                         {{[],[],[],[],[],[],[],[],[],[],[],[],[],[],[],
                           []}}}]},
            {boss_websocket_router,handle_cast,2},
            {gen_server,handle_msg,5},
            {proc_lib,init_p_do_apply,3}]}

=INFO REPORT==== 12-Aug-2012::10:59:05 ===
Loading routes from "/home/jason/soft/ChicagoBoss-0.8.0/lxw/priv/lxw.routes" ....

=INFO REPORT==== 12-Aug-2012::10:59:05 ===
GET /my/test/ [lxw] 200 6ms

=ERROR REPORT==== 12-Aug-2012::10:59:05 ===
** Generic server boss_websocket_router terminating 
** Last message in was {'$gen_cast',
                           {join_service,<<"/websocket/test">>,<0.365.0>,
                               <<"e22a1fc7e0aff384815cd2ed05c2eec877ee3d18">>}}
** When Server state == {state,{dict,0,16,16,8,80,48,
                                     {[],[],[],[],[],[],[],[],[],[],[],[],[],
                                      [],[],[]},
                                     {{[],[],[],[],[],[],[],[],[],[],[],[],[],
                                       [],[],[]}}},
                               {dict,0,16,16,8,80,48,
                                     {[],[],[],[],[],[],[],[],[],[],[],[],[],
                                      [],[],[]},
                                     {{[],[],[],[],[],[],[],[],[],[],[],[],[],
                                       [],[],[]}}},
                               0}
** Reason for termination == 
** {badarg,[{dict,fetch,
                  [<<"/websocket/test">>,
                   {dict,0,16,16,8,80,48,
                         {[],[],[],[],[],[],[],[],[],[],[],[],[],[],[],[]},
                         {{[],[],[],[],[],[],[],[],[],[],[],[],[],[],[],
                           []}}}]},
            {boss_websocket_router,handle_cast,2},
            {gen_server,handle_msg,5},
            {proc_lib,init_p_do_apply,3}]}

=INFO REPORT==== 12-Aug-2012::11:00:59 ===
Loading routes from "/home/jason/soft/ChicagoBoss-0.8.0/lxw/priv/lxw.routes" ....

=INFO REPORT==== 12-Aug-2012::11:00:59 ===
GET /my/test/ [lxw] 200 6ms

=ERROR REPORT==== 12-Aug-2012::11:00:59 ===
** Generic server boss_websocket_router terminating 
** Last message in was {'$gen_cast',
                           {join_service,<<"/websocket/test">>,<0.372.0>,
                               undefined}}
** When Server state == {state,{dict,0,16,16,8,80,48,
                                     {[],[],[],[],[],[],[],[],[],[],[],[],[],
                                      [],[],[]},
                                     {{[],[],[],[],[],[],[],[],[],[],[],[],[],
                                       [],[],[]}}},
                               {dict,0,16,16,8,80,48,
                                     {[],[],[],[],[],[],[],[],[],[],[],[],[],
                                      [],[],[]},
                                     {{[],[],[],[],[],[],[],[],[],[],[],[],[],
                                       [],[],[]}}},
                               0}
** Reason for termination == 
** {badarg,[{dict,fetch,
                  [<<"/websocket/test">>,
                   {dict,0,16,16,8,80,48,
                         {[],[],[],[],[],[],[],[],[],[],[],[],[],[],[],[]},
                         {{[],[],[],[],[],[],[],[],[],[],[],[],[],[],[],
                           []}}}]},
            {boss_websocket_router,handle_cast,2},
            {gen_server,handle_msg,5},
            {proc_lib,init_p_do_apply,3}]}

=ERROR REPORT==== 12-Aug-2012::11:01:01 ===
** Generic server boss_websocket_router terminating 
** Last message in was {'$gen_cast',
                           {incoming_msg,<<"/websocket/test">>,<0.372.0>,
                               undefined,<<"hello websocket">>}}
** When Server state == {state,{dict,0,16,16,8,80,48,
                                     {[],[],[],[],[],[],[],[],[],[],[],[],[],
                                      [],[],[]},
                                     {{[],[],[],[],[],[],[],[],[],[],[],[],[],
                                       [],[],[]}}},
                               {dict,0,16,16,8,80,48,
                                     {[],[],[],[],[],[],[],[],[],[],[],[],[],
                                      [],[],[]},
                                     {{[],[],[],[],[],[],[],[],[],[],[],[],[],
                                       [],[],[]}}},
                               0}
** Reason for termination == 
** {badarg,[{dict,fetch,
                  [<<"/websocket/test">>,
                   {dict,0,16,16,8,80,48,
                         {[],[],[],[],[],[],[],[],[],[],[],[],[],[],[],[]},
                         {{[],[],[],[],[],[],[],[],[],[],[],[],[],[],[],
                           []}}}]},
            {boss_websocket_router,handle_cast,2},
            {gen_server,handle_msg,5},
            {proc_lib,init_p_do_apply,3}]}

=INFO REPORT==== 12-Aug-2012::11:07:50 ===
Loading routes from "/home/jason/soft/ChicagoBoss-0.8.0/lxw/priv/lxw.routes" ....

=INFO REPORT==== 12-Aug-2012::11:07:50 ===
GET /my/test/ [lxw] 200 5ms

=ERROR REPORT==== 12-Aug-2012::11:07:50 ===
** Generic server boss_websocket_router terminating 
** Last message in was {'$gen_cast',
                           {terminate_service,<<"/websocket/test">>,
                               <0.365.0>,
                               <<"e22a1fc7e0aff384815cd2ed05c2eec877ee3d18">>}}
** When Server state == {state,{dict,0,16,16,8,80,48,
                                     {[],[],[],[],[],[],[],[],[],[],[],[],[],
                                      [],[],[]},
                                     {{[],[],[],[],[],[],[],[],[],[],[],[],[],
                                       [],[],[]}}},
                               {dict,0,16,16,8,80,48,
                                     {[],[],[],[],[],[],[],[],[],[],[],[],[],
                                      [],[],[]},
                                     {{[],[],[],[],[],[],[],[],[],[],[],[],[],
                                       [],[],[]}}},
                               0}
** Reason for termination == 
** {badarg,[{dict,fetch,
                  [<<"/websocket/test">>,
                   {dict,0,16,16,8,80,48,
                         {[],[],[],[],[],[],[],[],[],[],[],[],[],[],[],[]},
                         {{[],[],[],[],[],[],[],[],[],[],[],[],[],[],[],
                           []}}}]},
            {boss_websocket_router,handle_cast,2},
            {gen_server,handle_msg,5},
            {proc_lib,init_p_do_apply,3}]}

=ERROR REPORT==== 12-Aug-2012::11:07:50 ===
** Generic server boss_websocket_router terminating 
** Last message in was {'$gen_cast',
                           {join_service,<<"/websocket/test">>,<0.385.0>,
                               <<"e22a1fc7e0aff384815cd2ed05c2eec877ee3d18">>}}
** When Server state == {state,{dict,0,16,16,8,80,48,
                                     {[],[],[],[],[],[],[],[],[],[],[],[],[],
                                      [],[],[]},
                                     {{[],[],[],[],[],[],[],[],[],[],[],[],[],
                                       [],[],[]}}},
                               {dict,0,16,16,8,80,48,
                                     {[],[],[],[],[],[],[],[],[],[],[],[],[],
                                      [],[],[]},
                                     {{[],[],[],[],[],[],[],[],[],[],[],[],[],
                                       [],[],[]}}},
                               0}
** Reason for termination == 
** {badarg,[{dict,fetch,
                  [<<"/websocket/test">>,
                   {dict,0,16,16,8,80,48,
                         {[],[],[],[],[],[],[],[],[],[],[],[],[],[],[],[]},
                         {{[],[],[],[],[],[],[],[],[],[],[],[],[],[],[],
                           []}}}]},
            {boss_websocket_router,handle_cast,2},
            {gen_server,handle_msg,5},
            {proc_lib,init_p_do_apply,3}]}

=ERROR REPORT==== 12-Aug-2012::11:08:35 ===
** Generic server boss_websocket_router terminating 
** Last message in was {'$gen_cast',
                           {terminate_service,<<"/websocket/test">>,
                               <0.385.0>,
                               <<"e22a1fc7e0aff384815cd2ed05c2eec877ee3d18">>}}
** When Server state == {state,{dict,0,16,16,8,80,48,
                                     {[],[],[],[],[],[],[],[],[],[],[],[],[],
                                      [],[],[]},
                                     {{[],[],[],[],[],[],[],[],[],[],[],[],[],
                                       [],[],[]}}},
                               {dict,0,16,16,8,80,48,
                                     {[],[],[],[],[],[],[],[],[],[],[],[],[],
                                      [],[],[]},
                                     {{[],[],[],[],[],[],[],[],[],[],[],[],[],
                                       [],[],[]}}},
                               0}
** Reason for termination == 
** {badarg,[{dict,fetch,
                  [<<"/websocket/test">>,
                   {dict,0,16,16,8,80,48,
                         {[],[],[],[],[],[],[],[],[],[],[],[],[],[],[],[]},
                         {{[],[],[],[],[],[],[],[],[],[],[],[],[],[],[],
                           []}}}]},
            {boss_websocket_router,handle_cast,2},
            {gen_server,handle_msg,5},
            {proc_lib,init_p_do_apply,3}]}

=INFO REPORT==== 12-Aug-2012::11:08:47 ===
Loading routes from "/home/jason/soft/ChicagoBoss-0.8.0/lxw/priv/lxw.routes" ....

=INFO REPORT==== 12-Aug-2012::11:08:47 ===
GET /my/test/ [lxw] 200 4ms

=ERROR REPORT==== 12-Aug-2012::11:08:47 ===
** Generic server boss_websocket_router terminating 
** Last message in was {'$gen_cast',
                           {join_service,<<"/websocket/test">>,<0.397.0>,
                               <<"e22a1fc7e0aff384815cd2ed05c2eec877ee3d18">>}}
** When Server state == {state,{dict,0,16,16,8,80,48,
                                     {[],[],[],[],[],[],[],[],[],[],[],[],[],
                                      [],[],[]},
                                     {{[],[],[],[],[],[],[],[],[],[],[],[],[],
                                       [],[],[]}}},
                               {dict,0,16,16,8,80,48,
                                     {[],[],[],[],[],[],[],[],[],[],[],[],[],
                                      [],[],[]},
                                     {{[],[],[],[],[],[],[],[],[],[],[],[],[],
                                       [],[],[]}}},
                               0}
** Reason for termination == 
** {badarg,[{dict,fetch,
                  [<<"/websocket/test">>,
                   {dict,0,16,16,8,80,48,
                         {[],[],[],[],[],[],[],[],[],[],[],[],[],[],[],[]},
                         {{[],[],[],[],[],[],[],[],[],[],[],[],[],[],[],
                           []}}}]},
            {boss_websocket_router,handle_cast,2},
            {gen_server,handle_msg,5},
            {proc_lib,init_p_do_apply,3}]}

=INFO REPORT==== 12-Aug-2012::11:11:46 ===
sdf