
=INFO REPORT==== 11-Aug-2012::19:26:09 ===
Starting Boss in development mode....

=INFO REPORT==== 11-Aug-2012::19:26:09 ===
Starting master services on 'lxw@jason-lxw'

=INFO REPORT==== 11-Aug-2012::19:26:09 ===
SSL:[]

=INFO REPORT==== 11-Aug-2012::19:26:09 ===
Starting cowboy... on 'lxw@jason-lxw'

=INFO REPORT==== 11-Aug-2012::19:26:09 ===
Starting http listener... on 8001 

=INFO REPORT==== 11-Aug-2012::19:26:09 ===
Loading routes from "/home/jason/soft/ChicagoBoss-0.8.0/lxw/priv/lxw.routes" ....

=INFO REPORT==== 11-Aug-2012::19:26:11 ===
Loading routes from "/home/jason/soft/ChicagoBoss-0.8.0/lxw/priv/lxw.routes" ....

=INFO REPORT==== 11-Aug-2012::19:26:11 ===
GET /my/test [lxw] 200 5ms

=INFO REPORT==== 11-Aug-2012::22:58:14 ===
Loading routes from "/home/jason/soft/ChicagoBoss-0.8.0/lxw/priv/lxw.routes" ....

=INFO REPORT==== 11-Aug-2012::22:58:14 ===
GET /my/test [lxw] 200 9ms

=INFO REPORT==== 11-Aug-2012::23:00:50 ===
Loading routes from "/home/jason/soft/ChicagoBoss-0.8.0/lxw/priv/lxw.routes" ....

=INFO REPORT==== 11-Aug-2012::23:00:50 ===
GET /my/test [lxw] 200 7ms
