
=INFO REPORT==== 12-Aug-2012::18:27:52 ===
Starting Boss in development mode....

=INFO REPORT==== 12-Aug-2012::18:27:52 ===
Starting master services on 'lxw@jason-lxw'

=INFO REPORT==== 12-Aug-2012::18:27:52 ===
SSL:[]

=INFO REPORT==== 12-Aug-2012::18:27:52 ===
Starting cowboy... on 'lxw@jason-lxw'

=INFO REPORT==== 12-Aug-2012::18:27:52 ===
Starting http listener... on 8001 

=INFO REPORT==== 12-Aug-2012::18:27:52 ===
Loading routes from "/home/jason/soft/ChicagoBoss-0.8.0/lxw/priv/lxw.routes" ....

=INFO REPORT==== 12-Aug-2012::18:27:56 ===
Loading routes from "/home/jason/soft/ChicagoBoss-0.8.0/lxw/priv/lxw.routes" ....

=INFO REPORT==== 12-Aug-2012::18:27:56 ===
GET /my/home [lxw] 302 31ms

=INFO REPORT==== 12-Aug-2012::18:27:56 ===
Loading routes from "/home/jason/soft/ChicagoBoss-0.8.0/lxw/priv/lxw.routes" ....

=INFO REPORT==== 12-Aug-2012::18:27:56 ===
lxw_my_controller3:index Session="06e79a37f659924483169cadca70b200e757e58c"


=INFO REPORT==== 12-Aug-2012::18:27:56 ===
GET /my/index [lxw] 200 21ms

=INFO REPORT==== 12-Aug-2012::18:29:01 ===
Loading routes from "/home/jason/soft/ChicagoBoss-0.8.0/lxw/priv/lxw.routes" ....

=INFO REPORT==== 12-Aug-2012::18:29:01 ===
lxw_my_controller3:login Session="06e79a37f659924483169cadca70b200e757e58c"


=INFO REPORT==== 12-Aug-2012::18:29:01 ===
GET /my/login [lxw] 302 27ms

=INFO REPORT==== 12-Aug-2012::18:29:01 ===
Loading routes from "/home/jason/soft/ChicagoBoss-0.8.0/lxw/priv/lxw.routes" ....

=INFO REPORT==== 12-Aug-2012::18:29:01 ===
lxw_my_controller3:home Session="06e79a37f659924483169cadca70b200e757e58c"


=INFO REPORT==== 12-Aug-2012::18:29:01 ===
GET /my/home [lxw] 200 20ms
