
=INFO REPORT==== 11-Aug-2012::11:45:36 ===
Starting Boss in development mode....

=INFO REPORT==== 11-Aug-2012::11:45:36 ===
Starting master services on 'lxw@jason-lxw'

=INFO REPORT==== 11-Aug-2012::11:45:36 ===
SSL:[]

=INFO REPORT==== 11-Aug-2012::11:45:36 ===
Loading routes from "/home/jason/soft/ChicagoBoss-0.8.0/lxw/priv/lxw.routes" ....

=INFO REPORT==== 11-Aug-2012::11:46:04 ===
Loading routes from "/home/jason/soft/ChicagoBoss-0.8.0/lxw/priv/lxw.routes" ....

=ERROR REPORT==== 11-Aug-2012::11:46:04 ===
GET /websocket/test [lxw] 404 0ms

=INFO REPORT==== 11-Aug-2012::11:47:06 ===
Loading routes from "/home/jason/soft/ChicagoBoss-0.8.0/lxw/priv/lxw.routes" ....

=ERROR REPORT==== 11-Aug-2012::11:47:06 ===
GET /lxw/test [lxw] 404 0ms

=INFO REPORT==== 11-Aug-2012::11:48:11 ===
Loading routes from "/home/jason/soft/ChicagoBoss-0.8.0/lxw/priv/lxw.routes" ....

=ERROR REPORT==== 11-Aug-2012::11:48:11 ===
GET /lxw/test [lxw] 404 0ms
