
=INFO REPORT==== 11-Aug-2012::19:25:06 ===
Starting Boss in development mode....

=INFO REPORT==== 11-Aug-2012::19:25:06 ===
Starting master services on 'lxw@jason-lxw'

=INFO REPORT==== 11-Aug-2012::19:25:06 ===
SSL:[]

=INFO REPORT==== 11-Aug-2012::19:25:06 ===
Starting cowboy... on 'lxw@jason-lxw'

=INFO REPORT==== 11-Aug-2012::19:25:06 ===
Starting http listener... on 8001 

=INFO REPORT==== 11-Aug-2012::19:25:06 ===
Loading routes from "/home/jason/soft/ChicagoBoss-0.8.0/lxw/priv/lxw.routes" ....

=INFO REPORT==== 11-Aug-2012::19:25:14 ===
Loading routes from "/home/jason/soft/ChicagoBoss-0.8.0/lxw/priv/lxw.routes" ....

=INFO REPORT==== 11-Aug-2012::19:25:14 ===
GET /my/test [lxw] 200 6ms

=ERROR REPORT==== 11-Aug-2012::19:25:14 ===
** Boss Service Handler lxw_test_websocket terminating in join/0
   for the reason error:{badmatch,[]}
ServiceUrl: "/websocket/test"
WebSocketId: <0.237.0>
SessionId  : <<"e22a1fc7e0aff384815cd2ed05c2eec877ee3d18">>
State    : []
** Stacktrace: [{lxw_test_websocket,handle_join,4},
                {boss_service_worker,handle_call,3},
                {gen_server,handle_msg,5},
                {proc_lib,init_p_do_apply,3}]


=ERROR REPORT==== 11-Aug-2012::19:25:14 ===
** Generic server lxw_test_websocket terminating 
** Last message in was {join_service,"/websocket/test",<0.237.0>,
                                     <<"e22a1fc7e0aff384815cd2ed05c2eec877ee3d18">>}
** When Server state == {state,lxw_test_websocket,[]}
** Reason for termination == 
** {bad_return_value,ok}

=ERROR REPORT==== 11-Aug-2012::19:25:14 ===
** Generic server boss_websocket_router terminating 
** Last message in was {'$gen_cast',
                           {join_service,<<"/websocket/test">>,<0.237.0>,
                               <<"e22a1fc7e0aff384815cd2ed05c2eec877ee3d18">>}}
** When Server state == {state,{dict,0,16,16,8,80,48,
                                     {[],[],[],[],[],[],[],[],[],[],[],[],[],
                                      [],[],[]},
                                     {{[],[],[],[],[],[],[],[],[],[],[],[],[],
                                       [],[],[]}}},
                               {dict,2,16,16,8,80,48,
                                     {[],[],[],[],[],[],[],[],[],[],[],[],[],
                                      [],[],[]},
                                     {{[],[],[],[],
                                       [[<<"/websocket/test">>|
                                         lxw_test_websocket]],
                                       [],[],[],[],
                                       [[<<"/websocket/foobar">>|
                                         lxw_foobar_websocket]],
                                       [],[],[],[],[],[]}}},
                               0}
** Reason for termination == 
** {{bad_return_value,ok},
    {gen_server,call,
                [{global,lxw_test_websocket},
                 {join_service,"/websocket/test",<0.237.0>,
                               <<"e22a1fc7e0aff384815cd2ed05c2eec877ee3d18">>}]}}

=ERROR REPORT==== 11-Aug-2012::19:25:14 ===
** Generic server boss_websocket_router terminating 
** Last message in was {'$gen_cast',
                           {incoming_msg,<<"/websocket/test">>,<0.237.0>,
                               <<"e22a1fc7e0aff384815cd2ed05c2eec877ee3d18">>,
                               <<"accepting....">>}}
** When Server state == {state,{dict,0,16,16,8,80,48,
                                     {[],[],[],[],[],[],[],[],[],[],[],[],[],
                                      [],[],[]},
                                     {{[],[],[],[],[],[],[],[],[],[],[],[],[],
                                       [],[],[]}}},
                               {dict,0,16,16,8,80,48,
                                     {[],[],[],[],[],[],[],[],[],[],[],[],[],
                                      [],[],[]},
                                     {{[],[],[],[],[],[],[],[],[],[],[],[],[],
                                       [],[],[]}}},
                               0}
** Reason for termination == 
** {badarg,[{dict,fetch,
                  [<<"/websocket/test">>,
                   {dict,0,16,16,8,80,48,
                         {[],[],[],[],[],[],[],[],[],[],[],[],[],[],[],[]},
                         {{[],[],[],[],[],[],[],[],[],[],[],[],[],[],[],
                           []}}}]},
            {boss_websocket_router,handle_cast,2},
            {gen_server,handle_msg,5},
            {proc_lib,init_p_do_apply,3}]}

=ERROR REPORT==== 11-Aug-2012::19:25:17 ===
** Generic server boss_websocket_router terminating 
** Last message in was {'$gen_cast',
                           {incoming_msg,<<"/websocket/test">>,<0.237.0>,
                               <<"e22a1fc7e0aff384815cd2ed05c2eec877ee3d18">>,
                               <<"hello websocket">>}}
** When Server state == {state,{dict,0,16,16,8,80,48,
                                     {[],[],[],[],[],[],[],[],[],[],[],[],[],
                                      [],[],[]},
                                     {{[],[],[],[],[],[],[],[],[],[],[],[],[],
                                       [],[],[]}}},
                               {dict,0,16,16,8,80,48,
                                     {[],[],[],[],[],[],[],[],[],[],[],[],[],
                                      [],[],[]},
                                     {{[],[],[],[],[],[],[],[],[],[],[],[],[],
                                       [],[],[]}}},
                               0}
** Reason for termination == 
** {badarg,[{dict,fetch,
                  [<<"/websocket/test">>,
                   {dict,0,16,16,8,80,48,
                         {[],[],[],[],[],[],[],[],[],[],[],[],[],[],[],[]},
                         {{[],[],[],[],[],[],[],[],[],[],[],[],[],[],[],
                           []}}}]},
            {boss_websocket_router,handle_cast,2},
            {gen_server,handle_msg,5},
            {proc_lib,init_p_do_apply,3}]}

=ERROR REPORT==== 11-Aug-2012::19:25:19 ===
** Generic server boss_websocket_router terminating 
** Last message in was {'$gen_cast',
                           {incoming_msg,<<"/websocket/test">>,<0.237.0>,
                               <<"e22a1fc7e0aff384815cd2ed05c2eec877ee3d18">>,
                               <<"hello websocketsdd">>}}
** When Server state == {state,{dict,0,16,16,8,80,48,
                                     {[],[],[],[],[],[],[],[],[],[],[],[],[],
                                      [],[],[]},
                                     {{[],[],[],[],[],[],[],[],[],[],[],[],[],
                                       [],[],[]}}},
                               {dict,0,16,16,8,80,48,
                                     {[],[],[],[],[],[],[],[],[],[],[],[],[],
                                      [],[],[]},
                                     {{[],[],[],[],[],[],[],[],[],[],[],[],[],
                                       [],[],[]}}},
                               0}
** Reason for termination == 
** {badarg,[{dict,fetch,
                  [<<"/websocket/test">>,
                   {dict,0,16,16,8,80,48,
                         {[],[],[],[],[],[],[],[],[],[],[],[],[],[],[],[]},
                         {{[],[],[],[],[],[],[],[],[],[],[],[],[],[],[],
                           []}}}]},
            {boss_websocket_router,handle_cast,2},
            {gen_server,handle_msg,5},
            {proc_lib,init_p_do_apply,3}]}

=ERROR REPORT==== 11-Aug-2012::19:25:29 ===
** Generic server boss_websocket_router terminating 
** Last message in was {'$gen_cast',
                           {incoming_msg,<<"/websocket/test">>,<0.237.0>,
                               <<"e22a1fc7e0aff384815cd2ed05c2eec877ee3d18">>,
                               <<"hello websocketsddddd">>}}
** When Server state == {state,{dict,0,16,16,8,80,48,
                                     {[],[],[],[],[],[],[],[],[],[],[],[],[],
                                      [],[],[]},
                                     {{[],[],[],[],[],[],[],[],[],[],[],[],[],
                                       [],[],[]}}},
                               {dict,0,16,16,8,80,48,
                                     {[],[],[],[],[],[],[],[],[],[],[],[],[],
                                      [],[],[]},
                                     {{[],[],[],[],[],[],[],[],[],[],[],[],[],
                                       [],[],[]}}},
                               0}
** Reason for termination == 
** {badarg,[{dict,fetch,
                  [<<"/websocket/test">>,
                   {dict,0,16,16,8,80,48,
                         {[],[],[],[],[],[],[],[],[],[],[],[],[],[],[],[]},
                         {{[],[],[],[],[],[],[],[],[],[],[],[],[],[],[],
                           []}}}]},
            {boss_websocket_router,handle_cast,2},
            {gen_server,handle_msg,5},
            {proc_lib,init_p_do_apply,3}]}
