
=INFO REPORT==== 12-Aug-2012::09:34:15 ===
Starting Boss in development mode....

=INFO REPORT==== 12-Aug-2012::09:34:15 ===
Starting master services on 'lxw@jason-lxw'

=INFO REPORT==== 12-Aug-2012::09:34:15 ===
SSL:[]

=INFO REPORT==== 12-Aug-2012::09:34:15 ===
Starting cowboy... on 'lxw@jason-lxw'

=INFO REPORT==== 12-Aug-2012::09:34:15 ===
Starting http listener... on 8001 

=INFO REPORT==== 12-Aug-2012::09:34:15 ===
Loading routes from "/home/jason/soft/ChicagoBoss-0.8.0/lxw/priv/lxw.routes" ....

=INFO REPORT==== 12-Aug-2012::09:34:19 ===
Loading routes from "/home/jason/soft/ChicagoBoss-0.8.0/lxw/priv/lxw.routes" ....

=INFO REPORT==== 12-Aug-2012::09:34:19 ===
GET /my/test [lxw] 200 6ms

=INFO REPORT==== 12-Aug-2012::09:34:29 ===
Loading routes from "/home/jason/soft/ChicagoBoss-0.8.0/lxw/priv/lxw.routes" ....

=INFO REPORT==== 12-Aug-2012::09:34:29 ===
GET /my/test [lxw] 200 6ms
