
=INFO REPORT==== 11-Aug-2012::19:12:20 ===
Starting Boss in development mode....

=INFO REPORT==== 11-Aug-2012::19:12:20 ===
Starting master services on 'lxw@jason-lxw'

=INFO REPORT==== 11-Aug-2012::19:12:20 ===
SSL:[]

=INFO REPORT==== 11-Aug-2012::19:12:20 ===
Starting cowboy... on 'lxw@jason-lxw'

=INFO REPORT==== 11-Aug-2012::19:12:20 ===
Starting http listener... on 8001 

=INFO REPORT==== 11-Aug-2012::19:12:20 ===
Loading routes from "/home/jason/soft/ChicagoBoss-0.8.0/lxw/priv/lxw.routes" ....

=INFO REPORT==== 11-Aug-2012::19:12:50 ===
Loading routes from "/home/jason/soft/ChicagoBoss-0.8.0/lxw/priv/lxw.routes" ....

=INFO REPORT==== 11-Aug-2012::19:12:50 ===
GET /my/test [lxw] 200 24ms

=INFO REPORT==== 11-Aug-2012::19:12:51 ===
Loading routes from "/home/jason/soft/ChicagoBoss-0.8.0/lxw/priv/lxw.routes" ....

=INFO REPORT==== 11-Aug-2012::19:12:51 ===
GET /my/test [lxw] 200 6ms

=INFO REPORT==== 11-Aug-2012::19:12:51 ===
Loading routes from "/home/jason/soft/ChicagoBoss-0.8.0/lxw/priv/lxw.routes" ....

=INFO REPORT==== 11-Aug-2012::19:12:51 ===
GET /my/test [lxw] 200 6ms
